2019-07-23 16:55:56.2649|DEBUG|MyLogger.Log|Start GET Article GetAllArticles
2019-07-23 16:57:04.4288|DEBUG|MyLogger.Log|Start GET Article GetAllArticles
2019-07-23 16:57:55.0387|DEBUG|MyLogger.Log|End GET Article GetAllArticles
2019-07-23 16:57:55.0387|DEBUG|MyLogger.Log|End GET Article GetAllArticles
2019-07-23 17:00:33.1638|DEBUG|MyLogger.Log|Start GET Category GetCategories
2019-07-23 17:00:33.1928|DEBUG|MyLogger.Log|End GET Category GetCategories
2019-07-23 17:00:36.5680|DEBUG|MyLogger.Log|Start GET Category GetCategories
2019-07-23 17:00:36.5680|DEBUG|MyLogger.Log|End GET Category GetCategories
2019-07-23 17:00:46.3075|DEBUG|MyLogger.Log|Start GET Category GetCategories
2019-07-23 17:00:46.3075|DEBUG|MyLogger.Log|End GET Category GetCategories
2019-07-23 17:02:25.8662|DEBUG|MyLogger.Log|Start GET Category GetCategories
2019-07-23 17:02:25.8892|DEBUG|MyLogger.Log|End GET Category GetCategories
2019-07-23 17:05:33.0239|DEBUG|MyLogger.Log|Start GET Article GetAllArticles
2019-07-23 17:05:33.3119|DEBUG|MyLogger.Log|End GET Article GetAllArticles
2019-07-23 17:06:01.0385|DEBUG|MyLogger.Log|Start GET Article GetArticle
2019-07-23 17:06:01.0495|DEBUG|MyLogger.Log|End GET Article GetArticle
2019-07-23 17:06:01.2355|DEBUG|MyLogger.Log|Start GET Article GetShortArticles
2019-07-23 17:06:01.3045|DEBUG|MyLogger.Log|End GET Article GetShortArticles
2019-07-23 17:06:01.3045|DEBUG|MyLogger.Log|Start GET Category GetCategories
2019-07-23 17:06:01.3135|DEBUG|MyLogger.Log|End GET Category GetCategories
2019-07-23 17:06:39.4437|DEBUG|MyLogger.Log|Start GET Article GetAllArticles
2019-07-23 17:06:39.4737|DEBUG|MyLogger.Log|End GET Article GetAllArticles
2019-07-23 17:06:40.9278|DEBUG|MyLogger.Log|Start GET Article GetArticle
2019-07-23 17:06:40.9278|DEBUG|MyLogger.Log|End GET Article GetArticle
2019-07-23 17:06:40.9578|DEBUG|MyLogger.Log|Start GET Article GetShortArticles
2019-07-23 17:06:40.9678|DEBUG|MyLogger.Log|End GET Article GetShortArticles
2019-07-23 17:06:40.9678|DEBUG|MyLogger.Log|Start GET Category GetCategories
2019-07-23 17:06:41.0128|DEBUG|MyLogger.Log|End GET Category GetCategories
2019-07-23 17:07:21.1901|DEBUG|MyLogger.Log|Start GET Category GetCategories
2019-07-23 17:07:21.2011|DEBUG|MyLogger.Log|End GET Category GetCategories
2019-07-23 17:07:45.3395|DEBUG|MyLogger.Log|Start GET Article GetAllArticles
2019-07-23 17:07:45.3775|DEBUG|MyLogger.Log|End GET Article GetAllArticles
2019-07-23 17:07:47.0206|DEBUG|MyLogger.Log|Start GET Article GetArticle
2019-07-23 17:07:47.0206|DEBUG|MyLogger.Log|End GET Article GetArticle
2019-07-23 17:07:47.1156|DEBUG|MyLogger.Log|Start GET Article GetShortArticles
2019-07-23 17:07:47.1156|DEBUG|MyLogger.Log|Start GET Category GetCategories
2019-07-23 17:07:47.1326|DEBUG|MyLogger.Log|End GET Article GetShortArticles
2019-07-23 17:07:47.1476|DEBUG|MyLogger.Log|End GET Category GetCategories
2019-07-23 17:08:35.4544|DEBUG|MyLogger.Log|Start GET Article GetArticle
2019-07-23 17:08:35.4694|DEBUG|MyLogger.Log|End GET Article GetArticle
2019-07-23 17:08:36.0974|DEBUG|MyLogger.Log|Start GET Article GetShortArticles
2019-07-23 17:08:36.0974|DEBUG|MyLogger.Log|Start GET Category GetCategories
2019-07-23 17:08:36.1404|DEBUG|MyLogger.Log|End GET Category GetCategories
2019-07-23 17:08:36.1514|DEBUG|MyLogger.Log|End GET Article GetShortArticles
2019-07-23 17:09:30.1405|DEBUG|MyLogger.Log|Start GET Article GetArticle
2019-07-23 17:09:30.1525|DEBUG|MyLogger.Log|End GET Article GetArticle
2019-07-23 17:09:30.3115|DEBUG|MyLogger.Log|Start GET Article GetShortArticles
2019-07-23 17:09:30.3265|DEBUG|MyLogger.Log|End GET Article GetShortArticles
2019-07-23 17:09:30.5765|DEBUG|MyLogger.Log|Start GET Category GetCategories
2019-07-23 17:09:30.5765|DEBUG|MyLogger.Log|End GET Category GetCategories
2019-07-23 17:10:50.1161|DEBUG|MyLogger.Log|Start GET Category GetCategories
2019-07-23 17:10:50.1201|DEBUG|MyLogger.Log|End GET Category GetCategories
2019-07-23 17:11:44.0672|DEBUG|MyLogger.Log|Start GET Category GetCategories
2019-07-23 17:11:44.0672|DEBUG|MyLogger.Log|End GET Category GetCategories
2019-07-23 17:12:18.7941|DEBUG|MyLogger.Log|Start GET Category GetCategories
2019-07-23 17:12:18.7941|DEBUG|MyLogger.Log|End GET Category GetCategories
2019-07-23 17:13:53.3955|DEBUG|MyLogger.Log|Start GET Category GetCategories
2019-07-23 17:13:53.3955|DEBUG|MyLogger.Log|End GET Category GetCategories
2019-07-23 17:17:03.8654|DEBUG|MyLogger.Log|Start GET Category GetCategories
2019-07-23 17:17:04.0515|DEBUG|MyLogger.Log|End GET Category GetCategories
2019-07-23 17:17:20.3544|DEBUG|MyLogger.Log|Start GET Article GetAllArticles
2019-07-23 17:17:20.3694|DEBUG|MyLogger.Log|End GET Article GetAllArticles
2019-07-23 17:17:38.2394|DEBUG|MyLogger.Log|Start GET Article GetArticle
2019-07-23 17:17:38.2584|DEBUG|MyLogger.Log|End GET Article GetArticle
2019-07-23 17:17:38.2964|DEBUG|MyLogger.Log|Start GET Category GetCategories
2019-07-23 17:17:38.2964|DEBUG|MyLogger.Log|End GET Category GetCategories
2019-07-23 17:17:38.3114|DEBUG|MyLogger.Log|Start GET Article GetShortArticles
2019-07-23 17:17:38.3114|DEBUG|MyLogger.Log|End GET Article GetShortArticles
2019-07-23 17:17:46.4959|DEBUG|MyLogger.Log|Start GET Article GetAllArticles
2019-07-23 17:17:46.5299|DEBUG|MyLogger.Log|End GET Article GetAllArticles
2019-07-23 17:20:17.7795|DEBUG|MyLogger.Log|Start GET Article GetAllArticles
2019-07-23 17:20:17.8595|DEBUG|MyLogger.Log|End GET Article GetAllArticles
2019-07-23 17:20:20.5327|DEBUG|MyLogger.Log|Start GET Article GetShortArticles
2019-07-23 17:20:20.5327|DEBUG|MyLogger.Log|Start GET Category GetCategories
2019-07-23 17:20:20.5507|DEBUG|MyLogger.Log|End GET Article GetShortArticles
2019-07-23 17:20:21.9638|DEBUG|MyLogger.Log|End GET Category GetCategories
2019-07-23 17:20:26.6450|DEBUG|MyLogger.Log|Start GET Category GetCategories
2019-07-23 17:20:26.6500|DEBUG|MyLogger.Log|End GET Category GetCategories
2019-07-23 17:22:24.0818|DEBUG|MyLogger.Log|Start GET Article GetAllArticles
2019-07-23 17:22:24.2468|DEBUG|MyLogger.Log|End GET Article GetAllArticles
2019-07-23 17:22:25.9539|DEBUG|MyLogger.Log|Start GET Article GetShortArticles
2019-07-23 17:22:26.0449|DEBUG|MyLogger.Log|End GET Article GetShortArticles
2019-07-23 17:22:26.0449|DEBUG|MyLogger.Log|Start GET Category GetCategories
2019-07-23 17:22:26.0559|DEBUG|MyLogger.Log|End GET Category GetCategories
2019-07-23 17:28:31.8648|DEBUG|MyLogger.Log|Start GET Article GetShortArticles
2019-07-23 17:28:31.9798|DEBUG|MyLogger.Log|Start GET Category GetCategories
2019-07-23 17:28:36.0150|DEBUG|MyLogger.Log|End GET Category GetCategories
2019-07-23 17:28:36.1570|DEBUG|MyLogger.Log|End GET Article GetShortArticles
2019-07-23 17:29:41.7998|DEBUG|MyLogger.Log|Start GET Category GetCategories
2019-07-23 17:29:41.8328|DEBUG|MyLogger.Log|End GET Category GetCategories
2019-07-23 17:29:41.8328|DEBUG|MyLogger.Log|Start GET Article GetShortArticles
2019-07-23 17:29:41.8898|DEBUG|MyLogger.Log|End GET Article GetShortArticles
2019-07-23 17:29:57.1027|DEBUG|MyLogger.Log|Start GET Article GetShortArticles
2019-07-23 17:29:57.1677|DEBUG|MyLogger.Log|End GET Article GetShortArticles
2019-07-23 17:29:57.1837|DEBUG|MyLogger.Log|Start GET Category GetCategories
2019-07-23 17:29:57.3587|DEBUG|MyLogger.Log|End GET Category GetCategories
2019-07-23 17:33:49.5070|DEBUG|MyLogger.Log|Start GET Article GetShortArticles
2019-07-23 17:33:49.5470|DEBUG|MyLogger.Log|Start GET Category GetCategories
2019-07-23 17:33:50.1010|DEBUG|MyLogger.Log|End GET Article GetShortArticles
2019-07-23 17:33:50.1760|DEBUG|MyLogger.Log|End GET Category GetCategories
2019-07-23 17:35:14.3888|DEBUG|MyLogger.Log|Start GET Category GetCategories
2019-07-23 17:35:14.4068|DEBUG|MyLogger.Log|End GET Category GetCategories
2019-07-23 17:35:14.4988|DEBUG|MyLogger.Log|Start GET Article GetShortArticles
2019-07-23 17:35:14.4988|DEBUG|MyLogger.Log|End GET Article GetShortArticles
2019-07-23 17:35:35.7330|DEBUG|MyLogger.Log|Start GET Article GetAllArticles
2019-07-23 17:35:37.8432|DEBUG|MyLogger.Log|End GET Article GetAllArticles
2019-07-23 17:38:04.6876|DEBUG|MyLogger.Log|Start GET Article GetAllArticles
2019-07-23 17:38:05.5086|DEBUG|MyLogger.Log|End GET Article GetAllArticles
2019-07-23 17:38:12.3420|DEBUG|MyLogger.Log|Start GET Article GetShortArticles
2019-07-23 17:38:12.3870|DEBUG|MyLogger.Log|End GET Article GetShortArticles
2019-07-23 17:38:12.4220|DEBUG|MyLogger.Log|Start GET Category GetCategories
2019-07-23 17:38:12.4480|DEBUG|MyLogger.Log|End GET Category GetCategories
2019-07-23 17:40:20.1873|DEBUG|MyLogger.Log|Start GET Category GetCategories
2019-07-23 17:40:20.2063|DEBUG|MyLogger.Log|Start GET Article GetShortArticles
2019-07-23 17:40:20.4803|DEBUG|MyLogger.Log|End GET Article GetShortArticles
2019-07-23 17:40:20.4803|DEBUG|MyLogger.Log|End GET Category GetCategories
2019-07-23 17:46:35.1828|DEBUG|MyLogger.Log|Start GET Article GetAllArticles
2019-07-23 17:46:35.4188|DEBUG|MyLogger.Log|End GET Article GetAllArticles
2019-07-23 17:46:38.1849|DEBUG|MyLogger.Log|Start GET Category GetCategories
2019-07-23 17:46:38.1929|DEBUG|MyLogger.Log|Start GET Article GetShortArticles
2019-07-23 17:46:38.7850|DEBUG|MyLogger.Log|End GET Article GetShortArticles
2019-07-23 17:46:38.7850|DEBUG|MyLogger.Log|End GET Category GetCategories
2019-07-23 17:50:36.3335|DEBUG|MyLogger.Log|Start GET Article GetShortArticles
2019-07-23 17:50:36.3335|DEBUG|MyLogger.Log|Start GET Category GetCategories
2019-07-23 17:50:36.6586|DEBUG|MyLogger.Log|End GET Article GetShortArticles
2019-07-23 17:50:36.6996|DEBUG|MyLogger.Log|End GET Category GetCategories
2019-07-23 17:53:00.3838|DEBUG|MyLogger.Log|Start GET Article GetShortArticles
2019-07-23 17:53:00.4288|DEBUG|MyLogger.Log|Start GET Category GetCategories
2019-07-23 17:53:04.6830|DEBUG|MyLogger.Log|End GET Article GetShortArticles
2019-07-23 17:53:04.6830|DEBUG|MyLogger.Log|End GET Category GetCategories
2019-07-23 17:53:09.5133|DEBUG|MyLogger.Log|Start GET Category GetCategories
2019-07-23 17:53:09.5283|DEBUG|MyLogger.Log|End GET Category GetCategories
2019-07-23 17:53:32.9467|DEBUG|MyLogger.Log|Start GET Article GetAllArticles
2019-07-23 17:53:33.5747|DEBUG|MyLogger.Log|End GET Article GetAllArticles
2019-07-23 17:53:43.5083|DEBUG|MyLogger.Log|Start GET Article GetShortArticles
2019-07-23 17:53:43.5123|DEBUG|MyLogger.Log|Start GET Category GetCategories
2019-07-23 17:53:43.5593|DEBUG|MyLogger.Log|End GET Category GetCategories
2019-07-23 17:53:43.5593|DEBUG|MyLogger.Log|End GET Article GetShortArticles
2019-07-23 18:15:44.1558|DEBUG|MyLogger.Log|Start GET Account GetId
2019-07-23 18:15:44.1558|DEBUG|MyLogger.Log|Start GET Category GetCategories
2019-07-23 18:15:44.1558|DEBUG|MyLogger.Log|Start GET Account isAdmin
2019-07-23 18:15:44.1558|DEBUG|MyLogger.Log|Start GET Article GetShortArticles
2019-07-23 18:16:21.7810|DEBUG|MyLogger.Log|End GET Account GetId
2019-07-23 18:16:21.7810|DEBUG|MyLogger.Log|End GET Account isAdmin
2019-07-23 18:17:10.3788|DEBUG|MyLogger.Log|End GET Category GetCategories
2019-07-23 18:17:10.4068|DEBUG|MyLogger.Log|End GET Article GetShortArticles
2019-07-23 18:17:19.6073|DEBUG|MyLogger.Log|Start POST Article AddArticle
2019-07-23 18:29:02.6095|DEBUG|MyLogger.Log|Start GET Article GetAllArticles
2019-07-23 18:29:02.6095|DEBUG|MyLogger.Log|Start GET Account isAdmin
2019-07-23 18:29:02.9285|DEBUG|MyLogger.Log|End GET Account isAdmin
2019-07-23 18:29:04.5176|DEBUG|MyLogger.Log|End GET Article GetAllArticles
2019-07-23 18:29:08.9749|DEBUG|MyLogger.Log|Start GET Account GetId
2019-07-23 18:29:08.9799|DEBUG|MyLogger.Log|End GET Account GetId
2019-07-23 18:29:09.0699|DEBUG|MyLogger.Log|Start GET Article GetShortArticles
2019-07-23 18:29:09.0699|DEBUG|MyLogger.Log|Start GET Category GetCategories
2019-07-23 18:29:09.0699|DEBUG|MyLogger.Log|End GET Article GetShortArticles
2019-07-23 18:29:09.0699|DEBUG|MyLogger.Log|End GET Category GetCategories
2019-07-23 18:29:31.0771|DEBUG|MyLogger.Log|Start POST Article AddArticle
2019-07-23 18:31:46.1259|DEBUG|MyLogger.Log|End POST Article AddArticle
2019-07-23 18:31:46.1259|ERROR|MyLogger.Log|Procedure or function 'AddArticle' expects parameter '@name', which was not supplied.AddArticle
2019-07-23 18:31:47.1689|DEBUG|MyLogger.Log|Start GET Article GetAllArticles
2019-07-23 18:31:47.1689|DEBUG|MyLogger.Log|End GET Article GetAllArticles
2019-07-23 18:40:24.1625|DEBUG|MyLogger.Log|Start GET Article GetAllArticles
2019-07-23 18:40:24.1625|DEBUG|MyLogger.Log|Start GET Account isAdmin
2019-07-23 18:40:24.2845|DEBUG|MyLogger.Log|End GET Account isAdmin
2019-07-23 18:40:24.3045|DEBUG|MyLogger.Log|End GET Article GetAllArticles
2019-07-23 18:40:29.2078|DEBUG|MyLogger.Log|Start GET Article GetShortArticles
2019-07-23 18:40:29.2078|DEBUG|MyLogger.Log|End GET Article GetShortArticles
2019-07-23 18:40:29.5068|DEBUG|MyLogger.Log|Start GET Account GetId
2019-07-23 18:40:29.5068|DEBUG|MyLogger.Log|Start GET Category GetCategories
2019-07-23 18:40:29.5068|DEBUG|MyLogger.Log|End GET Account GetId
2019-07-23 18:40:29.5068|DEBUG|MyLogger.Log|End GET Category GetCategories
2019-07-23 18:40:58.2754|DEBUG|MyLogger.Log|Start POST Article AddArticle
2019-07-23 18:41:04.0168|DEBUG|MyLogger.Log|End POST Article AddArticle
2019-07-23 18:41:04.0168|ERROR|MyLogger.Log|Procedure or function 'AddArticle' expects parameter '@name', which was not supplied.AddArticle
2019-07-23 18:41:04.1878|DEBUG|MyLogger.Log|Start GET Article GetAllArticles
2019-07-23 18:41:04.2058|DEBUG|MyLogger.Log|End GET Article GetAllArticles
2019-07-23 18:47:47.2588|DEBUG|MyLogger.Log|Start GET Article GetAllArticles
2019-07-23 18:47:47.2588|DEBUG|MyLogger.Log|Start GET Account isAdmin
2019-07-23 18:47:47.4358|DEBUG|MyLogger.Log|End GET Account isAdmin
2019-07-23 18:47:47.7499|DEBUG|MyLogger.Log|End GET Article GetAllArticles
2019-07-23 18:48:19.4617|DEBUG|MyLogger.Log|Start GET Account GetId
2019-07-23 18:48:19.4617|DEBUG|MyLogger.Log|End GET Account GetId
2019-07-23 18:48:19.4737|DEBUG|MyLogger.Log|Start GET Category GetCategories
2019-07-23 18:48:19.6347|DEBUG|MyLogger.Log|End GET Category GetCategories
2019-07-23 18:48:19.7847|DEBUG|MyLogger.Log|Start GET Article GetShortArticles
2019-07-23 18:48:19.7847|DEBUG|MyLogger.Log|End GET Article GetShortArticles
2019-07-23 18:50:17.6134|DEBUG|MyLogger.Log|Start GET Account isAdmin
2019-07-23 18:50:17.6134|DEBUG|MyLogger.Log|Start GET Account GetId
2019-07-23 18:50:17.6134|DEBUG|MyLogger.Log|Start GET Category GetCategories
2019-07-23 18:50:17.6134|DEBUG|MyLogger.Log|Start GET Article GetShortArticles
2019-07-23 18:50:17.7164|DEBUG|MyLogger.Log|End GET Account isAdmin
2019-07-23 18:50:17.7164|DEBUG|MyLogger.Log|End GET Account GetId
2019-07-23 18:50:17.7534|DEBUG|MyLogger.Log|End GET Category GetCategories
2019-07-23 18:50:18.5825|DEBUG|MyLogger.Log|End GET Article GetShortArticles
2019-07-23 18:51:50.8618|DEBUG|MyLogger.Log|Start POST Article AddArticle
2019-07-23 18:56:20.0952|DEBUG|MyLogger.Log|End POST Article AddArticle
2019-07-23 18:56:20.1382|ERROR|MyLogger.Log|Procedure or function 'AddArticle' expects parameter '@name', which was not supplied.AddArticle
2019-07-23 18:56:20.6392|DEBUG|MyLogger.Log|Start GET Article GetAllArticles
2019-07-23 18:56:20.8062|DEBUG|MyLogger.Log|End GET Article GetAllArticles
2019-07-23 18:57:30.5432|DEBUG|MyLogger.Log|Start GET Article GetAllArticles
2019-07-23 18:57:30.5432|DEBUG|MyLogger.Log|Start GET Account isAdmin
2019-07-23 18:57:30.6202|DEBUG|MyLogger.Log|End GET Account isAdmin
2019-07-23 18:57:30.7112|DEBUG|MyLogger.Log|End GET Article GetAllArticles
2019-07-23 18:57:42.9879|DEBUG|MyLogger.Log|Start GET Account GetId
2019-07-23 18:57:43.0249|DEBUG|MyLogger.Log|End GET Account GetId
2019-07-23 18:57:43.0909|DEBUG|MyLogger.Log|Start GET Category GetCategories
2019-07-23 18:57:43.1389|DEBUG|MyLogger.Log|End GET Category GetCategories
2019-07-23 18:57:43.1649|DEBUG|MyLogger.Log|Start GET Article GetShortArticles
2019-07-23 18:57:43.1649|DEBUG|MyLogger.Log|End GET Article GetShortArticles
2019-07-23 18:58:19.1550|DEBUG|MyLogger.Log|Start POST Article AddArticle
2019-07-23 18:58:19.6360|DEBUG|MyLogger.Log|action: POST AddArticle Data: '  ' Valid 
2019-07-23 18:59:00.5913|DEBUG|MyLogger.Log|End POST Article AddArticle
2019-07-23 18:59:00.6864|DEBUG|MyLogger.Log|Start GET Article GetAllArticles
2019-07-23 18:59:00.8264|DEBUG|MyLogger.Log|End GET Article GetAllArticles
2019-07-23 20:14:48.6885|DEBUG|MyLogger.Log|Start GET Account isAdmin
2019-07-23 20:14:48.6885|DEBUG|MyLogger.Log|Start GET Article GetAllArticles
2019-07-23 20:14:49.2695|DEBUG|MyLogger.Log|End GET Account isAdmin
2019-07-23 20:16:01.4196|DEBUG|MyLogger.Log|End GET Article GetAllArticles
2019-07-23 20:17:24.5534|DEBUG|MyLogger.Log|Start GET Article GetArticle
2019-07-23 20:17:24.7604|DEBUG|MyLogger.Log|End GET Article GetArticle
2019-07-23 20:17:29.8807|DEBUG|MyLogger.Log|Start GET Article GetShortArticles
2019-07-23 20:17:29.8807|DEBUG|MyLogger.Log|End GET Article GetShortArticles
2019-07-23 20:17:30.1567|DEBUG|MyLogger.Log|Start GET Category GetCategories
2019-07-23 20:17:30.4537|DEBUG|MyLogger.Log|End GET Category GetCategories
2019-07-23 20:18:32.7593|DEBUG|MyLogger.Log|Start PUT Article EditArticle
2019-07-23 20:18:32.7593|DEBUG|MyLogger.Log|action: PUT EditArticle Data: '  ' Valid 
2019-07-23 20:21:53.4798|DEBUG|MyLogger.Log|End PUT Article EditArticle
2019-07-23 20:21:53.5058|ERROR|MyLogger.Log|Procedure or function 'UpdateArticle' expects parameter '@userId', which was not supplied.EditArticle
2019-07-23 20:21:55.1559|DEBUG|MyLogger.Log|Start PUT Article EditArticle
2019-07-23 20:22:45.4108|DEBUG|MyLogger.Log|End PUT Article EditArticle
2019-07-23 20:22:48.0099|DEBUG|MyLogger.Log|Start GET Article GetAllArticles
2019-07-23 20:22:48.0389|DEBUG|MyLogger.Log|End GET Article GetAllArticles
2019-07-23 20:33:12.3736|DEBUG|MyLogger.Log|Start GET Article GetArticle
2019-07-23 20:34:19.2904|DEBUG|MyLogger.Log|End GET Article GetArticle
2019-07-23 20:34:20.0065|DEBUG|MyLogger.Log|Start GET Category GetCategories
2019-07-23 20:34:20.0065|DEBUG|MyLogger.Log|End GET Category GetCategories
2019-07-23 20:34:21.4416|DEBUG|MyLogger.Log|Start GET Article GetShortArticles
2019-07-23 20:34:21.4416|DEBUG|MyLogger.Log|End GET Article GetShortArticles
2019-07-23 20:35:47.3935|DEBUG|MyLogger.Log|Start PUT Article EditArticle
2019-07-23 20:35:47.3945|DEBUG|MyLogger.Log|action: PUT EditArticle Data: '  ' Valid 
2019-07-23 20:36:36.4833|DEBUG|MyLogger.Log|End PUT Article EditArticle
2019-07-23 20:36:36.4923|ERROR|MyLogger.Log|Procedure or function 'UpdateArticle' expects parameter '@userId', which was not supplied.EditArticle
2019-07-23 20:37:02.3158|DEBUG|MyLogger.Log|Start GET Account isAdmin
2019-07-23 20:37:02.3158|DEBUG|MyLogger.Log|End GET Account isAdmin
2019-07-23 20:37:03.2878|DEBUG|MyLogger.Log|Start GET Article GetArticle
2019-07-23 20:37:03.3508|DEBUG|MyLogger.Log|End GET Article GetArticle
2019-07-23 20:37:03.8128|DEBUG|MyLogger.Log|Start GET Category GetCategories
2019-07-23 20:37:03.8729|DEBUG|MyLogger.Log|Start GET Article GetShortArticles
2019-07-23 20:37:03.9049|DEBUG|MyLogger.Log|End GET Category GetCategories
2019-07-23 20:37:04.3839|DEBUG|MyLogger.Log|End GET Article GetShortArticles
2019-07-23 20:49:50.1177|DEBUG|MyLogger.Log|Start GET Account isAdmin
2019-07-23 20:49:50.1177|DEBUG|MyLogger.Log|Start GET Article GetArticle
2019-07-23 20:49:50.2707|DEBUG|MyLogger.Log|End GET Account isAdmin
2019-07-23 20:50:32.4441|DEBUG|MyLogger.Log|End GET Article GetArticle
2019-07-23 20:50:33.0781|DEBUG|MyLogger.Log|Start GET Article GetShortArticles
2019-07-23 20:50:33.0781|DEBUG|MyLogger.Log|End GET Article GetShortArticles
2019-07-23 20:50:33.2521|DEBUG|MyLogger.Log|Start GET Category GetCategories
2019-07-23 20:50:33.2521|DEBUG|MyLogger.Log|End GET Category GetCategories
2019-07-23 20:51:27.7223|DEBUG|MyLogger.Log|Start PUT Article EditArticle
2019-07-23 20:51:27.7223|DEBUG|MyLogger.Log|action: PUT EditArticle Data: '  ' Valid 
2019-07-23 20:55:40.9547|DEBUG|MyLogger.Log|End PUT Article EditArticle
2019-07-23 20:55:40.9547|ERROR|MyLogger.Log|Procedure or function 'UpdateArticle' expects parameter '@userId', which was not supplied.EditArticle
2019-07-23 20:55:44.5410|DEBUG|MyLogger.Log|Start PUT Article EditArticle
2019-07-23 20:55:53.4775|DEBUG|MyLogger.Log|End PUT Article EditArticle
2019-07-23 20:55:56.3006|DEBUG|MyLogger.Log|Start GET Article GetAllArticles
2019-07-23 20:55:56.3626|DEBUG|MyLogger.Log|End GET Article GetAllArticles
2019-07-23 20:56:22.8411|DEBUG|MyLogger.Log|Start GET Article GetAllArticles
2019-07-23 20:56:22.8451|DEBUG|MyLogger.Log|Start GET Account isAdmin
2019-07-23 20:56:22.8451|DEBUG|MyLogger.Log|End GET Account isAdmin
2019-07-23 20:56:23.4262|DEBUG|MyLogger.Log|End GET Article GetAllArticles
2019-07-23 20:56:37.8530|DEBUG|MyLogger.Log|Start GET Article GetArticle
2019-07-23 20:56:37.8530|DEBUG|MyLogger.Log|End GET Article GetArticle
2019-07-23 20:56:38.6190|DEBUG|MyLogger.Log|Start GET Article GetShortArticles
2019-07-23 20:56:38.6190|DEBUG|MyLogger.Log|Start GET Category GetCategories
2019-07-23 20:56:38.6190|DEBUG|MyLogger.Log|End GET Article GetShortArticles
2019-07-23 20:56:38.7381|DEBUG|MyLogger.Log|End GET Category GetCategories
2019-07-23 20:57:11.9249|DEBUG|MyLogger.Log|Start GET Account isAdmin
2019-07-23 20:57:11.9249|DEBUG|MyLogger.Log|End GET Account isAdmin
2019-07-23 20:57:11.9249|DEBUG|MyLogger.Log|Start GET Article GetArticle
2019-07-23 20:57:11.9249|DEBUG|MyLogger.Log|End GET Article GetArticle
2019-07-23 20:57:12.3920|DEBUG|MyLogger.Log|Start GET Article GetShortArticles
2019-07-23 20:57:12.3920|DEBUG|MyLogger.Log|End GET Article GetShortArticles
2019-07-23 20:57:12.3920|DEBUG|MyLogger.Log|Start GET Category GetCategories
2019-07-23 20:57:12.3920|DEBUG|MyLogger.Log|End GET Category GetCategories
2019-07-23 20:57:46.6059|DEBUG|MyLogger.Log|Start GET Article GetArticle
2019-07-23 20:57:47.7580|DEBUG|MyLogger.Log|Start GET Account isAdmin
2019-07-23 20:57:47.7580|DEBUG|MyLogger.Log|End GET Account isAdmin
2019-07-23 20:57:47.7580|DEBUG|MyLogger.Log|End GET Article GetArticle
2019-07-23 20:57:48.3210|DEBUG|MyLogger.Log|Start GET Category GetCategories
2019-07-23 20:57:48.3210|DEBUG|MyLogger.Log|End GET Category GetCategories
2019-07-23 20:57:48.3580|DEBUG|MyLogger.Log|Start GET Article GetShortArticles
2019-07-23 20:57:48.3580|DEBUG|MyLogger.Log|End GET Article GetShortArticles
2019-07-23 20:58:07.6381|DEBUG|MyLogger.Log|Start GET Account isAdmin
2019-07-23 20:58:07.6381|DEBUG|MyLogger.Log|End GET Account isAdmin
2019-07-23 20:58:07.6651|DEBUG|MyLogger.Log|Start GET Article GetArticle
2019-07-23 20:58:07.6851|DEBUG|MyLogger.Log|End GET Article GetArticle
2019-07-23 20:58:07.7831|DEBUG|MyLogger.Log|Start GET Article GetShortArticles
2019-07-23 20:58:07.7981|DEBUG|MyLogger.Log|End GET Article GetShortArticles
2019-07-23 20:58:07.8031|DEBUG|MyLogger.Log|Start GET Category GetCategories
2019-07-23 20:58:07.8031|DEBUG|MyLogger.Log|End GET Category GetCategories
2019-07-23 20:58:21.3419|DEBUG|MyLogger.Log|Start GET Account isAdmin
2019-07-23 20:58:21.3499|DEBUG|MyLogger.Log|End GET Account isAdmin
2019-07-23 20:58:21.4179|DEBUG|MyLogger.Log|Start GET Article GetArticle
2019-07-23 20:58:21.4719|DEBUG|MyLogger.Log|End GET Article GetArticle
2019-07-23 20:58:21.6669|DEBUG|MyLogger.Log|Start GET Category GetCategories
2019-07-23 20:58:21.6739|DEBUG|MyLogger.Log|Start GET Article GetShortArticles
2019-07-23 20:58:21.6939|DEBUG|MyLogger.Log|End GET Category GetCategories
2019-07-23 20:58:21.7289|DEBUG|MyLogger.Log|End GET Article GetShortArticles
2019-07-23 20:58:37.9389|DEBUG|MyLogger.Log|Start GET Account isAdmin
2019-07-23 20:58:37.9389|DEBUG|MyLogger.Log|End GET Account isAdmin
2019-07-23 20:58:37.9439|DEBUG|MyLogger.Log|Start GET Article GetArticle
2019-07-23 20:58:37.9439|DEBUG|MyLogger.Log|End GET Article GetArticle
2019-07-23 20:58:38.0819|DEBUG|MyLogger.Log|Start GET Article GetShortArticles
2019-07-23 20:58:38.0819|DEBUG|MyLogger.Log|End GET Article GetShortArticles
2019-07-23 20:58:38.1339|DEBUG|MyLogger.Log|Start GET Category GetCategories
2019-07-23 20:58:38.1339|DEBUG|MyLogger.Log|End GET Category GetCategories
2019-07-23 21:01:18.4771|DEBUG|MyLogger.Log|Start GET Account isAdmin
2019-07-23 21:01:18.4861|DEBUG|MyLogger.Log|Start GET Article GetArticle
2019-07-23 21:01:18.5561|DEBUG|MyLogger.Log|End GET Account isAdmin
2019-07-23 21:01:18.6911|DEBUG|MyLogger.Log|End GET Article GetArticle
2019-07-23 21:01:18.8261|DEBUG|MyLogger.Log|Start GET Category GetCategories
2019-07-23 21:01:18.8261|DEBUG|MyLogger.Log|Start GET Article GetShortArticles
2019-07-23 21:01:18.8261|DEBUG|MyLogger.Log|End GET Category GetCategories
2019-07-23 21:01:18.8261|DEBUG|MyLogger.Log|End GET Article GetShortArticles
2019-07-23 21:01:38.0202|DEBUG|MyLogger.Log|Start PUT Article EditArticle
2019-07-23 21:01:38.0202|DEBUG|MyLogger.Log|action: PUT EditArticle Data: '  ' Valid 
2019-07-23 21:01:42.8004|DEBUG|MyLogger.Log|End PUT Article EditArticle
2019-07-23 21:01:42.8024|ERROR|MyLogger.Log|Procedure or function 'UpdateArticle' expects parameter '@userId', which was not supplied.EditArticle
2019-07-23 21:01:42.9755|DEBUG|MyLogger.Log|Start PUT Article EditArticle
2019-07-23 21:02:12.0661|DEBUG|MyLogger.Log|End PUT Article EditArticle
2019-07-23 21:02:13.1652|DEBUG|MyLogger.Log|Start GET Article GetAllArticles
2019-07-23 21:02:13.1782|DEBUG|MyLogger.Log|End GET Article GetAllArticles
2019-07-23 21:02:21.7177|DEBUG|MyLogger.Log|Start GET Account isAdmin
2019-07-23 21:02:21.7177|DEBUG|MyLogger.Log|Start GET Article GetAllArticles
2019-07-23 21:02:21.7177|DEBUG|MyLogger.Log|End GET Account isAdmin
2019-07-23 21:02:21.7417|DEBUG|MyLogger.Log|End GET Article GetAllArticles
2019-07-23 21:02:23.5648|DEBUG|MyLogger.Log|Start GET Article GetArticle
2019-07-23 21:02:23.5728|DEBUG|MyLogger.Log|End GET Article GetArticle
2019-07-23 21:02:23.6418|DEBUG|MyLogger.Log|Start GET Article GetShortArticles
2019-07-23 21:02:23.6448|DEBUG|MyLogger.Log|Start GET Category GetCategories
2019-07-23 21:02:23.6448|DEBUG|MyLogger.Log|End GET Article GetShortArticles
2019-07-23 21:02:23.7478|DEBUG|MyLogger.Log|End GET Category GetCategories
2019-07-23 21:03:01.1369|DEBUG|MyLogger.Log|Start GET Account isAdmin
2019-07-23 21:03:01.1369|DEBUG|MyLogger.Log|End GET Account isAdmin
2019-07-23 21:03:01.1609|DEBUG|MyLogger.Log|Start GET Article GetArticle
2019-07-23 21:03:01.1849|DEBUG|MyLogger.Log|End GET Article GetArticle
2019-07-23 21:03:01.2929|DEBUG|MyLogger.Log|Start GET Category GetCategories
2019-07-23 21:03:01.3049|DEBUG|MyLogger.Log|End GET Category GetCategories
2019-07-23 21:03:01.3489|DEBUG|MyLogger.Log|Start GET Article GetShortArticles
2019-07-23 21:03:01.3519|DEBUG|MyLogger.Log|End GET Article GetShortArticles
2019-07-23 21:03:11.6105|DEBUG|MyLogger.Log|Start PUT Article EditArticle
2019-07-23 21:03:11.6105|DEBUG|MyLogger.Log|action: PUT EditArticle Data: '  ' Valid 
2019-07-23 21:03:15.3447|DEBUG|MyLogger.Log|End PUT Article EditArticle
2019-07-23 21:03:15.6038|ERROR|MyLogger.Log|Procedure or function 'UpdateArticle' expects parameter '@userId', which was not supplied.EditArticle
2019-07-23 21:03:15.7138|DEBUG|MyLogger.Log|Start PUT Article EditArticle
2019-07-23 21:04:37.6784|DEBUG|MyLogger.Log|End PUT Article EditArticle
2019-07-23 21:04:37.9725|DEBUG|MyLogger.Log|Start GET Article GetAllArticles
2019-07-23 21:04:38.0485|DEBUG|MyLogger.Log|End GET Article GetAllArticles
2019-07-23 21:04:52.3903|DEBUG|MyLogger.Log|Start GET Account isAdmin
2019-07-23 21:04:52.3943|DEBUG|MyLogger.Log|End GET Account isAdmin
2019-07-23 21:04:52.4373|DEBUG|MyLogger.Log|Start GET Article GetAllArticles
2019-07-23 21:04:52.4373|DEBUG|MyLogger.Log|End GET Article GetAllArticles
2019-07-23 21:04:54.7224|DEBUG|MyLogger.Log|Start GET Article GetArticle
2019-07-23 21:04:54.7544|DEBUG|MyLogger.Log|End GET Article GetArticle
2019-07-23 21:04:54.8344|DEBUG|MyLogger.Log|Start GET Article GetShortArticles
2019-07-23 21:04:54.8404|DEBUG|MyLogger.Log|End GET Article GetShortArticles
2019-07-23 21:04:54.8404|DEBUG|MyLogger.Log|Start GET Category GetCategories
2019-07-23 21:04:54.9494|DEBUG|MyLogger.Log|End GET Category GetCategories
2019-07-23 21:05:02.8339|DEBUG|MyLogger.Log|Start PUT Article EditArticle
2019-07-23 21:05:02.8339|DEBUG|MyLogger.Log|action: PUT EditArticle Data: '  ' Valid 
2019-07-23 21:05:05.9251|DEBUG|MyLogger.Log|End PUT Article EditArticle
2019-07-23 21:05:05.9251|ERROR|MyLogger.Log|Procedure or function 'UpdateArticle' expects parameter '@userId', which was not supplied.EditArticle
2019-07-23 21:05:06.2031|DEBUG|MyLogger.Log|Start GET Article GetAllArticles
2019-07-23 21:05:06.2151|DEBUG|MyLogger.Log|End GET Article GetAllArticles
2019-07-23 21:05:38.5279|DEBUG|MyLogger.Log|Start GET Account isAdmin
2019-07-23 21:05:38.5279|DEBUG|MyLogger.Log|End GET Account isAdmin
2019-07-23 21:05:38.5489|DEBUG|MyLogger.Log|Start GET Article GetAllArticles
2019-07-23 21:05:38.6129|DEBUG|MyLogger.Log|End GET Article GetAllArticles
2019-07-23 21:05:44.3013|DEBUG|MyLogger.Log|Start GET Article GetArticle
2019-07-23 21:05:44.3673|DEBUG|MyLogger.Log|End GET Article GetArticle
2019-07-23 21:05:44.4823|DEBUG|MyLogger.Log|Start GET Category GetCategories
2019-07-23 21:05:44.4823|DEBUG|MyLogger.Log|Start GET Article GetShortArticles
2019-07-23 21:05:44.4823|DEBUG|MyLogger.Log|End GET Category GetCategories
2019-07-23 21:05:44.5553|DEBUG|MyLogger.Log|End GET Article GetShortArticles
2019-07-23 21:05:58.9971|DEBUG|MyLogger.Log|Start PUT Article EditArticle
2019-07-23 21:05:58.9971|DEBUG|MyLogger.Log|action: PUT EditArticle Data: '  ' Valid 
2019-07-23 21:06:01.4622|DEBUG|MyLogger.Log|End PUT Article EditArticle
2019-07-23 21:06:01.4622|ERROR|MyLogger.Log|Procedure or function 'UpdateArticle' expects parameter '@userId', which was not supplied.EditArticle
2019-07-23 21:06:01.5582|DEBUG|MyLogger.Log|Start PUT Article EditArticle
2019-07-23 21:49:58.5891|DEBUG|MyLogger.Log|Start GET Account isAdmin
2019-07-23 21:49:58.5891|DEBUG|MyLogger.Log|Start GET Article GetAllArticles
2019-07-23 21:50:01.9763|DEBUG|MyLogger.Log|End GET Account isAdmin
2019-07-23 21:50:45.1317|DEBUG|MyLogger.Log|End GET Article GetAllArticles
2019-07-23 21:51:17.4146|DEBUG|MyLogger.Log|Start GET Article GetArticle
2019-07-23 21:51:50.3185|DEBUG|MyLogger.Log|End GET Article GetArticle
2019-07-23 21:53:10.3720|DEBUG|MyLogger.Log|Start GET Article GetAllArticles
2019-07-23 21:53:10.9621|DEBUG|MyLogger.Log|End GET Article GetAllArticles
2019-07-23 21:53:14.3243|DEBUG|MyLogger.Log|Start GET Article GetArticle
2019-07-23 21:53:14.3423|DEBUG|MyLogger.Log|End GET Article GetArticle
2019-07-23 21:53:15.8784|DEBUG|MyLogger.Log|Start GET Article GetShortArticles
2019-07-23 21:53:15.8894|DEBUG|MyLogger.Log|End GET Article GetShortArticles
2019-07-23 21:53:16.2334|DEBUG|MyLogger.Log|Start GET Category GetCategories
2019-07-23 21:53:16.2414|DEBUG|MyLogger.Log|End GET Category GetCategories
2019-07-23 21:54:15.4808|DEBUG|MyLogger.Log|Start PUT Article EditArticle
2019-07-23 21:54:15.4808|DEBUG|MyLogger.Log|action: PUT EditArticle Data: '  ' Valid 
2019-07-23 21:54:19.4200|DEBUG|MyLogger.Log|End PUT Article EditArticle
2019-07-23 21:54:19.8970|DEBUG|MyLogger.Log|Start PUT Article EditArticle
2019-07-23 21:55:27.5379|DEBUG|MyLogger.Log|End PUT Article EditArticle
2019-07-23 21:55:28.0419|DEBUG|MyLogger.Log|Start GET Article GetAllArticles
2019-07-23 21:55:28.0549|DEBUG|MyLogger.Log|End GET Article GetAllArticles
2019-07-23 22:02:57.4266|DEBUG|MyLogger.Log|Start GET Account isAdmin
2019-07-23 22:02:57.4266|DEBUG|MyLogger.Log|Start GET Article GetAllArticles
2019-07-23 22:02:57.5356|DEBUG|MyLogger.Log|End GET Account isAdmin
2019-07-23 22:02:58.7967|DEBUG|MyLogger.Log|End GET Article GetAllArticles
2019-07-23 22:03:50.1406|DEBUG|MyLogger.Log|Start GET Account isAdmin
2019-07-23 22:03:50.4697|DEBUG|MyLogger.Log|End GET Account isAdmin
2019-07-23 22:03:52.4148|DEBUG|MyLogger.Log|Start GET Article GetAllArticles
2019-07-23 22:03:52.5018|DEBUG|MyLogger.Log|End GET Article GetAllArticles
2019-07-23 22:03:58.6401|DEBUG|MyLogger.Log|Start GET Article GetArticle
2019-07-23 22:03:58.6531|DEBUG|MyLogger.Log|End GET Article GetArticle
2019-07-23 22:03:59.1111|DEBUG|MyLogger.Log|Start GET Article GetShortArticles
2019-07-23 22:03:59.1111|DEBUG|MyLogger.Log|Start GET Category GetCategories
2019-07-23 22:03:59.1291|DEBUG|MyLogger.Log|End GET Article GetShortArticles
2019-07-23 22:03:59.1291|DEBUG|MyLogger.Log|End GET Category GetCategories
2019-07-23 22:04:48.6050|DEBUG|MyLogger.Log|Start PUT Article EditArticle
2019-07-23 22:04:48.6050|DEBUG|MyLogger.Log|action: PUT EditArticle Data: '  ' Valid 
2019-07-23 22:04:52.0992|DEBUG|MyLogger.Log|End PUT Article EditArticle
2019-07-23 22:04:52.3022|DEBUG|MyLogger.Log|Start PUT Article EditArticle
2019-07-23 22:04:57.3265|DEBUG|MyLogger.Log|End PUT Article EditArticle
2019-07-23 22:04:57.5345|DEBUG|MyLogger.Log|Start GET Article GetAllArticles
2019-07-23 22:04:57.5905|DEBUG|MyLogger.Log|End GET Article GetAllArticles
2019-07-23 22:25:10.2916|DEBUG|MyLogger.Log|Start GET Article GetArticle
2019-07-23 22:27:19.6190|DEBUG|MyLogger.Log|End GET Article GetArticle
2019-07-23 22:27:29.2376|DEBUG|MyLogger.Log|Start GET Article GetShortArticles
2019-07-23 22:27:30.6487|DEBUG|MyLogger.Log|End GET Article GetShortArticles
2019-07-23 22:27:33.4318|DEBUG|MyLogger.Log|Start GET Category GetCategories
2019-07-23 22:27:33.9548|DEBUG|MyLogger.Log|End GET Category GetCategories
2019-07-23 22:28:41.0807|DEBUG|MyLogger.Log|Start PUT Article EditArticle
2019-07-23 22:28:41.1567|DEBUG|MyLogger.Log|action: PUT EditArticle Data: '  ' Valid 
2019-07-23 22:30:21.6614|DEBUG|MyLogger.Log|Start GET Article GetArticle
2019-07-23 22:30:21.8284|DEBUG|MyLogger.Log|Start GET Account isAdmin
2019-07-23 22:30:21.8284|DEBUG|MyLogger.Log|End GET Account isAdmin
2019-07-23 22:30:22.5855|DEBUG|MyLogger.Log|End GET Article GetArticle
2019-07-23 22:30:25.3487|DEBUG|MyLogger.Log|End PUT Article EditArticle
2019-07-23 22:30:25.3487|DEBUG|MyLogger.Log|Start GET Category GetCategories
2019-07-23 22:30:26.1777|DEBUG|MyLogger.Log|End GET Category GetCategories
2019-07-23 22:30:26.5377|DEBUG|MyLogger.Log|Start GET Article GetShortArticles
2019-07-23 22:30:27.3478|DEBUG|MyLogger.Log|End GET Article GetShortArticles
2019-07-23 22:31:10.4322|DEBUG|MyLogger.Log|Start PUT Article EditArticle
2019-07-23 22:31:10.4322|DEBUG|MyLogger.Log|action: PUT EditArticle Data: '  ' Valid 
2019-07-23 22:31:10.8743|DEBUG|MyLogger.Log|End PUT Article EditArticle
2019-07-23 22:31:46.3493|DEBUG|MyLogger.Log|Start GET Article GetAllArticles
2019-07-23 22:31:46.3603|DEBUG|MyLogger.Log|End GET Article GetAllArticles
2019-07-23 23:19:47.4220|DEBUG|MyLogger.Log|Start GET Article GetAllArticles
2019-07-23 23:19:47.4220|DEBUG|MyLogger.Log|Start GET Account isAdmin
2019-07-23 23:19:47.6830|DEBUG|MyLogger.Log|End GET Account isAdmin
2019-07-23 23:20:38.8859|DEBUG|MyLogger.Log|End GET Article GetAllArticles
2019-07-23 23:20:49.5176|DEBUG|MyLogger.Log|Start GET Article GetArticle
2019-07-23 23:20:50.1396|DEBUG|MyLogger.Log|End GET Article GetArticle
2019-07-23 23:20:56.9940|DEBUG|MyLogger.Log|Start GET Article GetShortArticles
2019-07-23 23:20:57.0080|DEBUG|MyLogger.Log|End GET Article GetShortArticles
2019-07-23 23:20:59.6641|DEBUG|MyLogger.Log|Start GET Category GetCategories
2019-07-23 23:20:59.6701|DEBUG|MyLogger.Log|End GET Category GetCategories
2019-07-23 23:22:02.8657|DEBUG|MyLogger.Log|Start PUT Article EditArticle
2019-07-23 23:22:02.8657|DEBUG|MyLogger.Log|action: PUT EditArticle Data: '  ' Valid 
2019-07-23 23:22:04.9939|DEBUG|MyLogger.Log|End PUT Article EditArticle
2019-07-23 23:22:06.1169|DEBUG|MyLogger.Log|Start PUT Article EditArticle
2019-07-23 23:23:11.2057|DEBUG|MyLogger.Log|End PUT Article EditArticle
2019-07-23 23:23:11.9857|DEBUG|MyLogger.Log|Start GET Article GetAllArticles
2019-07-23 23:23:11.9977|DEBUG|MyLogger.Log|End GET Article GetAllArticles
2019-07-23 23:28:17.7721|DEBUG|MyLogger.Log|Start GET Article GetArticle
2019-07-23 23:28:17.8101|DEBUG|MyLogger.Log|End GET Article GetArticle
2019-07-23 23:28:18.1502|DEBUG|MyLogger.Log|Start GET Article GetShortArticles
2019-07-23 23:28:18.1502|DEBUG|MyLogger.Log|End GET Article GetShortArticles
2019-07-23 23:28:18.1552|DEBUG|MyLogger.Log|Start GET Category GetCategories
2019-07-23 23:28:18.1552|DEBUG|MyLogger.Log|End GET Category GetCategories
2019-07-23 23:28:42.0885|DEBUG|MyLogger.Log|Start PUT Article EditArticle
2019-07-23 23:28:42.0885|DEBUG|MyLogger.Log|action: PUT EditArticle Data: '  ' Valid 
2019-07-23 23:28:42.4506|DEBUG|MyLogger.Log|End PUT Article EditArticle
2019-07-23 23:28:42.5886|DEBUG|MyLogger.Log|Start PUT Article EditArticle
2019-07-23 23:29:22.4778|DEBUG|MyLogger.Log|End PUT Article EditArticle
2019-07-23 23:29:22.9339|DEBUG|MyLogger.Log|Start GET Article GetAllArticles
2019-07-23 23:29:22.9529|DEBUG|MyLogger.Log|End GET Article GetAllArticles
2019-07-23 23:30:06.5804|DEBUG|MyLogger.Log|Start GET Article GetArticle
2019-07-23 23:30:06.5804|DEBUG|MyLogger.Log|End GET Article GetArticle
2019-07-23 23:30:07.1124|DEBUG|MyLogger.Log|Start GET Article GetShortArticles
2019-07-23 23:30:07.1564|DEBUG|MyLogger.Log|End GET Article GetShortArticles
2019-07-23 23:30:07.1564|DEBUG|MyLogger.Log|Start GET Category GetCategories
2019-07-23 23:30:07.1714|DEBUG|MyLogger.Log|End GET Category GetCategories
2019-07-23 23:30:14.5158|DEBUG|MyLogger.Log|Start PUT Article EditArticle
2019-07-23 23:30:14.5158|DEBUG|MyLogger.Log|action: PUT EditArticle Data: '  ' Valid 
2019-07-23 23:30:14.5768|DEBUG|MyLogger.Log|End PUT Article EditArticle
2019-07-23 23:30:14.6478|DEBUG|MyLogger.Log|Start PUT Article EditArticle
2019-07-23 23:30:19.6011|DEBUG|MyLogger.Log|End PUT Article EditArticle
2019-07-23 23:30:19.8051|DEBUG|MyLogger.Log|Start GET Article GetAllArticles
2019-07-23 23:30:19.8051|DEBUG|MyLogger.Log|End GET Article GetAllArticles
2019-07-23 23:30:40.3853|DEBUG|MyLogger.Log|Start GET Account isAdmin
2019-07-23 23:30:40.3853|DEBUG|MyLogger.Log|End GET Account isAdmin
2019-07-23 23:30:40.4163|DEBUG|MyLogger.Log|Start GET Article GetAllArticles
2019-07-23 23:30:40.4163|DEBUG|MyLogger.Log|End GET Article GetAllArticles
2019-07-23 23:32:21.5931|DEBUG|MyLogger.Log|Start GET Account isAdmin
2019-07-23 23:32:21.5941|DEBUG|MyLogger.Log|Start GET Article GetAllArticles
2019-07-23 23:32:21.6301|DEBUG|MyLogger.Log|End GET Account isAdmin
2019-07-23 23:32:21.6501|DEBUG|MyLogger.Log|End GET Article GetAllArticles
2019-07-23 23:35:35.1732|DEBUG|MyLogger.Log|Start GET Account isAdmin
2019-07-23 23:35:35.1732|DEBUG|MyLogger.Log|End GET Account isAdmin
2019-07-23 23:35:35.2542|DEBUG|MyLogger.Log|Start GET Article GetAllArticles
2019-07-23 23:35:35.4412|DEBUG|MyLogger.Log|End GET Article GetAllArticles
2019-07-23 23:37:19.6611|DEBUG|MyLogger.Log|Start GET Account isAdmin
2019-07-23 23:37:19.6611|DEBUG|MyLogger.Log|End GET Account isAdmin
2019-07-23 23:37:19.8542|DEBUG|MyLogger.Log|Start GET Article GetAllArticles
2019-07-23 23:37:19.8692|DEBUG|MyLogger.Log|End GET Article GetAllArticles
2019-07-23 23:39:13.5737|DEBUG|MyLogger.Log|Start GET Account isAdmin
2019-07-23 23:39:13.5737|DEBUG|MyLogger.Log|End GET Account isAdmin
2019-07-23 23:39:13.6637|DEBUG|MyLogger.Log|Start GET Article GetAllArticles
2019-07-23 23:39:13.6757|DEBUG|MyLogger.Log|End GET Article GetAllArticles
2019-07-23 23:39:23.5932|DEBUG|MyLogger.Log|Start GET Article GetArticle
2019-07-23 23:39:23.6292|DEBUG|MyLogger.Log|End GET Article GetArticle
2019-07-23 23:39:23.9652|DEBUG|MyLogger.Log|Start GET Article GetShortArticles
2019-07-23 23:39:23.9672|DEBUG|MyLogger.Log|End GET Article GetShortArticles
2019-07-23 23:39:24.0573|DEBUG|MyLogger.Log|Start GET Category GetCategories
2019-07-23 23:39:24.0613|DEBUG|MyLogger.Log|End GET Category GetCategories
2019-07-23 23:39:31.2827|DEBUG|MyLogger.Log|Start GET Article GetAllArticles
2019-07-23 23:39:31.3237|DEBUG|MyLogger.Log|End GET Article GetAllArticles
2019-07-23 23:49:34.7052|DEBUG|MyLogger.Log|Start GET Article GetAllArticles
2019-07-23 23:49:34.7572|DEBUG|MyLogger.Log|End GET Article GetAllArticles
2019-07-23 23:58:30.3498|DEBUG|MyLogger.Log|Start GET Article GetAllArticles
2019-07-23 23:58:30.3698|DEBUG|MyLogger.Log|Start GET Account isAdmin
2019-07-23 23:58:30.3718|DEBUG|MyLogger.Log|End GET Account isAdmin
2019-07-23 23:58:30.5678|DEBUG|MyLogger.Log|End GET Article GetAllArticles
