2019-07-11 12:11:31.0688|DEBUG|MyLogger.Log|Start GET GetCategories
2019-07-11 12:11:53.0771|DEBUG|MyLogger.Log|Start GET GetCategories
2019-07-11 12:12:28.9991|DEBUG|MyLogger.Log|End GET GetCategories
2019-07-11 12:12:28.9991|DEBUG|MyLogger.Log|End GET GetCategories
2019-07-11 12:14:38.7766|DEBUG|MyLogger.Log|Start GET GetArticlesOfCategory
2019-07-11 12:14:49.7722|DEBUG|MyLogger.Log|End GET GetArticlesOfCategory
2019-07-11 12:15:16.5927|DEBUG|MyLogger.Log|Start GET GetShortArticles
2019-07-11 12:15:16.5927|DEBUG|MyLogger.Log|Start GET GetCategories
2019-07-11 12:15:16.6217|DEBUG|MyLogger.Log|End GET GetShortArticles
2019-07-11 12:15:16.7087|DEBUG|MyLogger.Log|End GET GetCategories
2019-07-11 12:17:18.9697|DEBUG|MyLogger.Log|Start GET GetShortArticles
2019-07-11 12:17:18.9727|DEBUG|MyLogger.Log|Start GET GetCategories
2019-07-11 12:17:19.1157|DEBUG|MyLogger.Log|End GET GetShortArticles
2019-07-11 12:17:19.1157|DEBUG|MyLogger.Log|End GET GetCategories
2019-07-11 12:21:48.4161|DEBUG|MyLogger.Log|Start GET GetShortArticles
2019-07-11 12:21:48.4851|DEBUG|MyLogger.Log|End GET GetShortArticles
2019-07-11 12:21:48.5101|DEBUG|MyLogger.Log|Start GET GetCategories
2019-07-11 12:21:48.5101|DEBUG|MyLogger.Log|End GET GetCategories
2019-07-11 12:22:34.8168|DEBUG|MyLogger.Log|Start POST AddArticle
2019-07-11 12:22:34.8168|DEBUG|MyLogger.Log|Start POST AddArticle
2019-07-11 12:22:34.8378|DEBUG|MyLogger.Log|action: POST AddArticle Data: '  ' Valid 
2019-07-11 12:22:34.8378|DEBUG|MyLogger.Log|action: POST AddArticle Data: '  ' Valid 
2019-07-11 13:40:14.5283|DEBUG|MyLogger.Log|Start GET GetCategories
2019-07-11 13:40:44.6360|DEBUG|MyLogger.Log|End GET GetCategories
2019-07-11 13:41:32.9038|DEBUG|MyLogger.Log|Start GET GetArticlesOfCategory
2019-07-11 13:41:33.2728|DEBUG|MyLogger.Log|End GET GetArticlesOfCategory
2019-07-11 13:42:07.3028|DEBUG|MyLogger.Log|Start GET GetShortArticles
2019-07-11 13:42:07.3028|DEBUG|MyLogger.Log|End GET GetShortArticles
2019-07-11 13:42:07.3028|DEBUG|MyLogger.Log|Start GET GetCategories
2019-07-11 13:42:07.3028|DEBUG|MyLogger.Log|End GET GetCategories
2019-07-11 13:42:50.1812|DEBUG|MyLogger.Log|Start POST AddArticle
2019-07-11 13:42:50.1812|DEBUG|MyLogger.Log|action: POST AddArticle Data: '  ' Valid 
2019-07-11 14:08:24.4430|DEBUG|MyLogger.Log|Start GET GetCategories
2019-07-11 14:08:33.5175|DEBUG|MyLogger.Log|Start GET GetCategories
2019-07-11 14:09:18.0830|DEBUG|MyLogger.Log|End GET GetCategories
2019-07-11 14:09:18.4911|DEBUG|MyLogger.Log|End GET GetCategories
2019-07-11 14:09:41.8414|DEBUG|MyLogger.Log|Start GET GetAllArticles
2019-07-11 14:09:42.4144|DEBUG|MyLogger.Log|End GET GetAllArticles
2019-07-11 14:09:57.6013|DEBUG|MyLogger.Log|Start GET GetArticle
2019-07-11 14:09:57.8543|DEBUG|MyLogger.Log|End GET GetArticle
2019-07-11 14:09:57.8883|DEBUG|MyLogger.Log|Start GET GetShortArticles
2019-07-11 14:09:57.9173|DEBUG|MyLogger.Log|End GET GetShortArticles
2019-07-11 14:09:57.9353|DEBUG|MyLogger.Log|Start GET GetCategories
2019-07-11 14:09:58.2283|DEBUG|MyLogger.Log|End GET GetCategories
2019-07-11 14:18:57.4192|DEBUG|MyLogger.Log|Start GET GetArticle
2019-07-11 14:19:00.6894|DEBUG|MyLogger.Log|End GET GetArticle
2019-07-11 14:19:00.7714|DEBUG|MyLogger.Log|Start GET GetShortArticles
2019-07-11 14:19:00.8364|DEBUG|MyLogger.Log|End GET GetShortArticles
2019-07-11 14:19:00.8364|DEBUG|MyLogger.Log|Start GET GetCategories
2019-07-11 14:19:00.8494|DEBUG|MyLogger.Log|End GET GetCategories
2019-07-11 14:20:06.7441|DEBUG|MyLogger.Log|Start GET GetArticle
2019-07-11 14:20:06.7731|DEBUG|MyLogger.Log|End GET GetArticle
2019-07-11 14:20:07.0812|DEBUG|MyLogger.Log|Start GET GetCategories
2019-07-11 14:20:07.2162|DEBUG|MyLogger.Log|End GET GetCategories
2019-07-11 14:20:07.2922|DEBUG|MyLogger.Log|Start GET GetShortArticles
2019-07-11 14:20:07.2922|DEBUG|MyLogger.Log|End GET GetShortArticles
2019-07-11 14:20:23.3411|DEBUG|MyLogger.Log|Start GET GetAllArticles
2019-07-11 14:20:23.3661|DEBUG|MyLogger.Log|End GET GetAllArticles
2019-07-11 14:20:27.2353|DEBUG|MyLogger.Log|Start GET GetCategories
2019-07-11 14:20:27.2443|DEBUG|MyLogger.Log|End GET GetCategories
2019-07-11 14:20:29.4284|DEBUG|MyLogger.Log|Start GET GetArticlesOfCategory
2019-07-11 14:20:29.4414|DEBUG|MyLogger.Log|End GET GetArticlesOfCategory
2019-07-11 14:24:53.8526|DEBUG|MyLogger.Log|Start GET GetAllArticles
2019-07-11 14:24:53.8786|DEBUG|MyLogger.Log|End GET GetAllArticles
2019-07-11 14:24:56.2667|DEBUG|MyLogger.Log|Start GET GetArticle
2019-07-11 14:24:56.2667|DEBUG|MyLogger.Log|End GET GetArticle
2019-07-11 14:24:56.2887|DEBUG|MyLogger.Log|Start GET GetCategories
2019-07-11 14:24:56.2887|DEBUG|MyLogger.Log|End GET GetCategories
2019-07-11 14:24:56.3017|DEBUG|MyLogger.Log|Start GET GetShortArticles
2019-07-11 14:24:56.3147|DEBUG|MyLogger.Log|End GET GetShortArticles
2019-07-11 14:25:10.0325|DEBUG|MyLogger.Log|Start GET GetAllArticles
2019-07-11 14:25:10.0535|DEBUG|MyLogger.Log|End GET GetAllArticles
2019-07-11 14:32:27.3105|DEBUG|MyLogger.Log|Start GET GetArticle
2019-07-11 14:32:30.2527|DEBUG|MyLogger.Log|End GET GetArticle
2019-07-11 14:32:30.4267|DEBUG|MyLogger.Log|Start GET GetCategories
2019-07-11 14:32:30.4947|DEBUG|MyLogger.Log|End GET GetCategories
2019-07-11 14:32:30.5967|DEBUG|MyLogger.Log|Start GET GetShortArticles
2019-07-11 14:32:30.6017|DEBUG|MyLogger.Log|End GET GetShortArticles
2019-07-11 14:32:37.9921|DEBUG|MyLogger.Log|Start PUT EditArticle
2019-07-11 14:32:37.9961|DEBUG|MyLogger.Log|action: PUT EditArticle Data: '  ' Valid 
2019-07-11 14:39:25.2244|DEBUG|MyLogger.Log|Start GET GetAllArticles
2019-07-11 14:39:46.7006|DEBUG|MyLogger.Log|End GET GetAllArticles
2019-07-11 14:40:11.4400|DEBUG|MyLogger.Log|Start GET GetArticle
2019-07-11 14:40:12.5501|DEBUG|MyLogger.Log|End GET GetArticle
2019-07-11 14:40:12.6481|DEBUG|MyLogger.Log|Start GET GetShortArticles
2019-07-11 14:40:12.6481|DEBUG|MyLogger.Log|Start GET GetCategories
2019-07-11 14:40:12.6481|DEBUG|MyLogger.Log|End GET GetShortArticles
2019-07-11 14:40:12.6691|DEBUG|MyLogger.Log|End GET GetCategories
2019-07-11 14:40:50.7693|DEBUG|MyLogger.Log|Start PUT EditArticle
2019-07-11 14:40:50.7803|DEBUG|MyLogger.Log|action: PUT EditArticle Data: '  ' Valid 
2019-07-11 14:50:22.1610|DEBUG|MyLogger.Log|Start GET GetAllArticles
2019-07-11 14:50:22.4590|DEBUG|MyLogger.Log|End GET GetAllArticles
2019-07-11 14:50:30.8995|DEBUG|MyLogger.Log|Start GET GetArticle
2019-07-11 14:50:31.0205|DEBUG|MyLogger.Log|End GET GetArticle
2019-07-11 14:50:31.0885|DEBUG|MyLogger.Log|Start GET GetShortArticles
2019-07-11 14:50:31.1135|DEBUG|MyLogger.Log|Start GET GetCategories
2019-07-11 14:50:31.1135|DEBUG|MyLogger.Log|End GET GetShortArticles
2019-07-11 14:50:31.1835|DEBUG|MyLogger.Log|End GET GetCategories
2019-07-11 14:50:36.4718|DEBUG|MyLogger.Log|Start PUT EditArticle
2019-07-11 14:50:36.4818|DEBUG|MyLogger.Log|action: PUT EditArticle Data: '  ' Valid 
2019-07-11 14:54:26.4559|DEBUG|MyLogger.Log|Start GET GetAllArticles
2019-07-11 14:54:26.6360|DEBUG|MyLogger.Log|End GET GetAllArticles
2019-07-11 14:56:33.4382|DEBUG|MyLogger.Log|Start GET GetArticle
2019-07-11 14:56:33.5172|DEBUG|MyLogger.Log|End GET GetArticle
2019-07-11 14:56:33.5512|DEBUG|MyLogger.Log|Start GET GetShortArticles
2019-07-11 14:56:33.5802|DEBUG|MyLogger.Log|Start GET GetCategories
2019-07-11 14:56:33.6182|DEBUG|MyLogger.Log|End GET GetShortArticles
2019-07-11 14:56:33.6312|DEBUG|MyLogger.Log|End GET GetCategories
2019-07-11 14:56:37.1744|DEBUG|MyLogger.Log|Start PUT EditArticle
2019-07-11 14:56:37.1744|DEBUG|MyLogger.Log|action: PUT EditArticle Data: '  ' Valid 
2019-07-11 14:56:37.4384|DEBUG|MyLogger.Log|End PUT EditArticle
2019-07-11 14:56:37.5274|DEBUG|MyLogger.Log|Start GET GetAllArticles
2019-07-11 15:00:21.6813|DEBUG|MyLogger.Log|Start GET GetAllArticles
2019-07-11 15:00:21.8863|DEBUG|MyLogger.Log|End GET GetAllArticles
2019-07-11 15:00:23.4074|DEBUG|MyLogger.Log|Start GET GetArticle
2019-07-11 15:00:23.5044|DEBUG|MyLogger.Log|End GET GetArticle
2019-07-11 15:00:23.5284|DEBUG|MyLogger.Log|Start GET GetShortArticles
2019-07-11 15:00:23.5674|DEBUG|MyLogger.Log|Start GET GetCategories
2019-07-11 15:00:23.5774|DEBUG|MyLogger.Log|End GET GetShortArticles
2019-07-11 15:00:23.5774|DEBUG|MyLogger.Log|End GET GetCategories
2019-07-11 15:00:32.3379|DEBUG|MyLogger.Log|Start PUT EditArticle
2019-07-11 15:00:32.3429|DEBUG|MyLogger.Log|action: PUT EditArticle Data: '  ' Valid 
2019-07-11 15:00:32.4109|DEBUG|MyLogger.Log|End PUT EditArticle
2019-07-11 15:00:32.4509|DEBUG|MyLogger.Log|Start GET GetAllArticles
2019-07-11 15:00:32.5409|DEBUG|MyLogger.Log|End GET GetAllArticles
2019-07-11 15:00:37.3402|DEBUG|MyLogger.Log|Start GET GetCategories
2019-07-11 15:00:37.4242|DEBUG|MyLogger.Log|End GET GetCategories
2019-07-11 15:00:38.8092|DEBUG|MyLogger.Log|Start GET GetArticlesOfCategory
2019-07-11 15:04:08.6112|DEBUG|MyLogger.Log|End GET GetArticlesOfCategory
2019-07-11 15:04:12.2844|DEBUG|MyLogger.Log|Start GET GetCategories
2019-07-11 15:04:12.2884|DEBUG|MyLogger.Log|End GET GetCategories
2019-07-11 15:04:14.8016|DEBUG|MyLogger.Log|Start GET GetArticlesOfCategory
2019-07-11 15:04:14.8016|DEBUG|MyLogger.Log|End GET GetArticlesOfCategory
2019-07-11 15:04:16.1097|DEBUG|MyLogger.Log|Start GET GetCategories
2019-07-11 15:04:16.1097|DEBUG|MyLogger.Log|End GET GetCategories
2019-07-11 15:04:17.1887|DEBUG|MyLogger.Log|Start GET GetArticlesOfCategory
2019-07-11 15:05:19.2683|DEBUG|MyLogger.Log|Start GET GetArticlesOfCategory
2019-07-11 15:05:19.6043|DEBUG|MyLogger.Log|End GET GetArticlesOfCategory
2019-07-11 15:05:28.7288|DEBUG|MyLogger.Log|Start GET GetCategories
2019-07-11 15:05:28.7788|DEBUG|MyLogger.Log|End GET GetCategories
2019-07-11 15:05:34.7242|DEBUG|MyLogger.Log|Start GET GetAllArticles
2019-07-11 15:05:34.8122|DEBUG|MyLogger.Log|End GET GetAllArticles
2019-07-11 15:05:37.9493|DEBUG|MyLogger.Log|Start DELETE DeleteArticle
2019-07-11 15:05:40.5345|DEBUG|MyLogger.Log|End DELETE DeleteArticle
2019-07-11 15:05:41.9816|DEBUG|MyLogger.Log|Start DELETE DeleteArticle
2019-07-11 15:05:42.0196|DEBUG|MyLogger.Log|End DELETE DeleteArticle
2019-07-11 15:05:42.9866|DEBUG|MyLogger.Log|Start DELETE DeleteArticle
2019-07-11 15:05:43.0066|DEBUG|MyLogger.Log|End DELETE DeleteArticle
2019-07-11 15:05:46.8019|DEBUG|MyLogger.Log|Start DELETE DeleteArticle
2019-07-11 15:05:46.8729|DEBUG|MyLogger.Log|End DELETE DeleteArticle
2019-07-11 15:05:50.1950|DEBUG|MyLogger.Log|Start GET GetArticle
2019-07-11 15:05:50.2210|DEBUG|MyLogger.Log|End GET GetArticle
2019-07-11 15:05:50.2811|DEBUG|MyLogger.Log|Start GET GetShortArticles
2019-07-11 15:05:50.3021|DEBUG|MyLogger.Log|Start GET GetCategories
2019-07-11 15:05:50.3191|DEBUG|MyLogger.Log|End GET GetShortArticles
2019-07-11 15:05:50.3631|DEBUG|MyLogger.Log|End GET GetCategories
2019-07-11 15:06:01.2217|DEBUG|MyLogger.Log|Start GET GetCategories
2019-07-11 15:06:01.2217|DEBUG|MyLogger.Log|End GET GetCategories
2019-07-11 15:06:02.5938|DEBUG|MyLogger.Log|Start GET GetAllArticles
2019-07-11 15:06:02.6348|DEBUG|MyLogger.Log|End GET GetAllArticles
2019-07-11 15:10:17.4903|DEBUG|MyLogger.Log|Start DELETE DeleteArticle
2019-07-11 15:10:17.5063|DEBUG|MyLogger.Log|End DELETE DeleteArticle
2019-07-11 15:10:30.0321|DEBUG|MyLogger.Log|Start DELETE DeleteArticle
2019-07-11 15:10:30.1031|DEBUG|MyLogger.Log|End DELETE DeleteArticle
2019-07-11 15:10:30.1211|DEBUG|MyLogger.Log|Start DELETE DeleteArticle
2019-07-11 15:10:30.1211|DEBUG|MyLogger.Log|End DELETE DeleteArticle
2019-07-11 15:12:42.9027|DEBUG|MyLogger.Log|Start GET GetAllArticles
2019-07-11 15:12:42.9497|DEBUG|MyLogger.Log|End GET GetAllArticles
2019-07-11 15:16:35.5850|DEBUG|MyLogger.Log|Start GET GetAllArticles
2019-07-11 15:16:36.7070|DEBUG|MyLogger.Log|End GET GetAllArticles
2019-07-11 15:16:57.1282|DEBUG|MyLogger.Log|Start GET GetAllArticles
2019-07-11 15:16:57.1552|DEBUG|MyLogger.Log|End GET GetAllArticles
2019-07-11 15:17:40.0386|DEBUG|MyLogger.Log|Start DELETE DeleteArticle
2019-07-11 15:17:40.0707|DEBUG|MyLogger.Log|End DELETE DeleteArticle
2019-07-11 15:17:47.4731|DEBUG|MyLogger.Log|Start GET GetArticle
2019-07-11 15:17:47.5101|DEBUG|MyLogger.Log|End GET GetArticle
2019-07-11 15:18:38.3930|DEBUG|MyLogger.Log|Start DELETE DeleteArticle
2019-07-11 15:20:24.3800|DEBUG|MyLogger.Log|End DELETE DeleteArticle
2019-07-11 15:20:29.6714|DEBUG|MyLogger.Log|Start GET GetArticle
2019-07-11 15:20:29.7094|DEBUG|MyLogger.Log|End GET GetArticle
2019-07-11 15:20:37.6938|DEBUG|MyLogger.Log|Start GET GetAllArticles
2019-07-11 15:20:37.7828|DEBUG|MyLogger.Log|End GET GetAllArticles
2019-07-11 15:28:04.9654|DEBUG|MyLogger.Log|Start GET GetAllArticles
2019-07-11 15:28:17.7791|DEBUG|MyLogger.Log|End GET GetAllArticles
2019-07-11 15:28:24.0885|DEBUG|MyLogger.Log|Start DELETE DeleteArticle
2019-07-11 15:28:30.1998|DEBUG|MyLogger.Log|End DELETE DeleteArticle
2019-07-11 15:28:35.1211|DEBUG|MyLogger.Log|Start GET GetAllArticles
2019-07-11 15:28:35.3321|DEBUG|MyLogger.Log|End GET GetAllArticles
2019-07-11 15:30:57.1562|DEBUG|MyLogger.Log|Start GET GetAllArticles
2019-07-11 15:31:03.5526|DEBUG|MyLogger.Log|End GET GetAllArticles
2019-07-11 15:31:41.1978|DEBUG|MyLogger.Log|Start DELETE DeleteArticle
2019-07-11 15:31:41.8918|DEBUG|MyLogger.Log|End DELETE DeleteArticle
2019-07-11 15:31:45.8770|DEBUG|MyLogger.Log|Start GET GetAllArticles
2019-07-11 15:31:45.8980|DEBUG|MyLogger.Log|End GET GetAllArticles
2019-07-11 15:31:55.5136|DEBUG|MyLogger.Log|Start DELETE DeleteArticle
2019-07-11 15:31:55.6396|DEBUG|MyLogger.Log|End DELETE DeleteArticle
2019-07-11 15:31:56.1026|DEBUG|MyLogger.Log|Start DELETE DeleteArticle
2019-07-11 15:31:56.1026|DEBUG|MyLogger.Log|End DELETE DeleteArticle
2019-07-11 15:31:57.1037|DEBUG|MyLogger.Log|Start DELETE DeleteArticle
2019-07-11 15:31:57.1717|DEBUG|MyLogger.Log|End DELETE DeleteArticle
2019-07-11 15:32:00.1838|DEBUG|MyLogger.Log|Start GET GetCategories
2019-07-11 15:32:00.2519|DEBUG|MyLogger.Log|End GET GetCategories
2019-07-11 15:32:02.7970|DEBUG|MyLogger.Log|Start GET GetArticlesOfCategory
2019-07-11 15:32:04.1771|DEBUG|MyLogger.Log|End GET GetArticlesOfCategory
2019-07-11 15:35:00.6832|DEBUG|MyLogger.Log|Start GET GetArticlesOfCategory
2019-07-11 15:35:00.9612|DEBUG|MyLogger.Log|End GET GetArticlesOfCategory
2019-07-11 15:35:06.3275|DEBUG|MyLogger.Log|Start GET GetShortArticles
2019-07-11 15:35:06.3465|DEBUG|MyLogger.Log|Start GET GetCategories
2019-07-11 15:35:06.4935|DEBUG|MyLogger.Log|End GET GetCategories
2019-07-11 15:35:06.7105|DEBUG|MyLogger.Log|End GET GetShortArticles
2019-07-11 15:35:55.5543|DEBUG|MyLogger.Log|Start POST AddArticle
2019-07-11 15:35:55.5543|DEBUG|MyLogger.Log|action: POST AddArticle Data: '  ' Valid 
2019-07-11 16:09:06.1942|DEBUG|MyLogger.Log|Start GET GetAllArticles
2019-07-11 16:14:41.7554|DEBUG|MyLogger.Log|Start GET GetAllArticles
2019-07-11 16:17:27.3048|DEBUG|MyLogger.Log|Start GET GetAllArticles
2019-07-11 16:17:33.1442|DEBUG|MyLogger.Log|End GET GetAllArticles
2019-07-11 16:18:05.6330|DEBUG|MyLogger.Log|Start GET GetCategories
2019-07-11 16:18:05.6570|DEBUG|MyLogger.Log|End GET GetCategories
2019-07-11 16:18:07.8681|DEBUG|MyLogger.Log|Start GET GetArticlesOfCategory
2019-07-11 16:18:08.0552|DEBUG|MyLogger.Log|End GET GetArticlesOfCategory
2019-07-11 16:18:10.6033|DEBUG|MyLogger.Log|Start GET GetCategories
2019-07-11 16:18:10.6033|DEBUG|MyLogger.Log|Start GET GetShortArticles
2019-07-11 16:18:10.6683|DEBUG|MyLogger.Log|End GET GetCategories
2019-07-11 16:18:10.7203|DEBUG|MyLogger.Log|End GET GetShortArticles
2019-07-11 16:18:14.0195|DEBUG|MyLogger.Log|Start GET GetArticlesOfCategory
2019-07-11 16:18:14.0935|DEBUG|MyLogger.Log|End GET GetArticlesOfCategory
2019-07-11 16:18:14.9416|DEBUG|MyLogger.Log|Start GET GetCategories
2019-07-11 16:18:14.9486|DEBUG|MyLogger.Log|End GET GetCategories
2019-07-11 16:18:15.9186|DEBUG|MyLogger.Log|Start GET GetArticlesOfCategory
2019-07-11 16:18:15.9186|DEBUG|MyLogger.Log|End GET GetArticlesOfCategory
2019-07-11 16:18:17.0147|DEBUG|MyLogger.Log|Start GET GetShortArticles
2019-07-11 16:18:17.0147|DEBUG|MyLogger.Log|Start GET GetCategories
2019-07-11 16:18:17.0187|DEBUG|MyLogger.Log|End GET GetShortArticles
2019-07-11 16:18:17.0187|DEBUG|MyLogger.Log|End GET GetCategories
2019-07-11 16:18:55.5089|DEBUG|MyLogger.Log|Start POST AddArticle
2019-07-11 16:18:55.5089|DEBUG|MyLogger.Log|action: POST AddArticle Data: '  ' Valid 
2019-07-11 16:19:18.0932|DEBUG|MyLogger.Log|End POST AddArticle
2019-07-11 16:19:18.0932|ERROR|MyLogger.Log|Incorrect syntax near the keyword 'BY'.AddArticle
2019-07-11 16:19:18.1592|DEBUG|MyLogger.Log|Start GET GetArticlesOfCategory
2019-07-11 16:19:18.1592|DEBUG|MyLogger.Log|End GET GetArticlesOfCategory
2019-07-11 16:19:57.6784|DEBUG|MyLogger.Log|Start GET GetArticlesOfCategory
2019-07-11 16:19:57.9504|DEBUG|MyLogger.Log|End GET GetArticlesOfCategory
2019-07-11 16:20:03.4538|DEBUG|MyLogger.Log|Start GET GetShortArticles
2019-07-11 16:20:03.4618|DEBUG|MyLogger.Log|End GET GetShortArticles
2019-07-11 16:20:03.4908|DEBUG|MyLogger.Log|Start GET GetCategories
2019-07-11 16:20:03.5658|DEBUG|MyLogger.Log|End GET GetCategories
2019-07-11 16:20:08.4910|DEBUG|MyLogger.Log|Start GET GetArticlesOfCategory
2019-07-11 16:20:08.5331|DEBUG|MyLogger.Log|End GET GetArticlesOfCategory
2019-07-11 16:20:09.6871|DEBUG|MyLogger.Log|Start GET GetAllArticles
2019-07-11 16:20:09.7251|DEBUG|MyLogger.Log|End GET GetAllArticles
2019-07-11 16:20:11.2422|DEBUG|MyLogger.Log|Start DELETE DeleteArticle
2019-07-11 16:20:11.4962|DEBUG|MyLogger.Log|End DELETE DeleteArticle
2019-07-11 16:20:11.9942|DEBUG|MyLogger.Log|Start DELETE DeleteArticle
2019-07-11 16:20:12.0112|DEBUG|MyLogger.Log|End DELETE DeleteArticle
2019-07-11 16:20:14.2514|DEBUG|MyLogger.Log|Start GET GetCategories
2019-07-11 16:20:14.3294|DEBUG|MyLogger.Log|End GET GetCategories
2019-07-11 16:20:15.3284|DEBUG|MyLogger.Log|Start GET GetArticlesOfCategory
2019-07-11 16:20:15.3414|DEBUG|MyLogger.Log|End GET GetArticlesOfCategory
2019-07-11 16:20:16.3325|DEBUG|MyLogger.Log|Start GET GetShortArticles
2019-07-11 16:20:16.3325|DEBUG|MyLogger.Log|End GET GetShortArticles
2019-07-11 16:20:16.3585|DEBUG|MyLogger.Log|Start GET GetCategories
2019-07-11 16:20:16.3705|DEBUG|MyLogger.Log|End GET GetCategories
2019-07-11 16:20:37.1427|DEBUG|MyLogger.Log|Start POST AddArticle
2019-07-11 16:20:37.1427|DEBUG|MyLogger.Log|action: POST AddArticle Data: '  ' Valid 
2019-07-11 16:20:37.2967|DEBUG|MyLogger.Log|End POST AddArticle
2019-07-11 16:20:37.4017|DEBUG|MyLogger.Log|Start GET GetArticlesOfCategory
2019-07-11 16:20:37.5707|DEBUG|MyLogger.Log|End GET GetArticlesOfCategory
2019-07-11 16:20:41.3259|DEBUG|MyLogger.Log|Start GET GetArticle
2019-07-11 16:20:41.3459|DEBUG|MyLogger.Log|End GET GetArticle
2019-07-11 16:20:41.4199|DEBUG|MyLogger.Log|Start GET GetShortArticles
2019-07-11 16:20:41.5269|DEBUG|MyLogger.Log|End GET GetShortArticles
2019-07-11 16:20:41.5269|DEBUG|MyLogger.Log|Start GET GetCategories
2019-07-11 16:20:41.5429|DEBUG|MyLogger.Log|End GET GetCategories
2019-07-11 16:20:49.5874|DEBUG|MyLogger.Log|Start GET GetArticlesOfCategory
2019-07-11 16:20:49.6104|DEBUG|MyLogger.Log|End GET GetArticlesOfCategory
2019-07-11 16:20:52.8636|DEBUG|MyLogger.Log|Start GET GetCategories
2019-07-11 16:20:52.9066|DEBUG|MyLogger.Log|End GET GetCategories
2019-07-11 16:21:05.6973|DEBUG|MyLogger.Log|Start POST AddCategory
2019-07-11 16:21:05.6973|DEBUG|MyLogger.Log|action: POST AddCategory Data: '  ' Valid 
2019-07-11 16:21:05.7273|DEBUG|MyLogger.Log|End POST AddCategory
2019-07-11 16:21:12.2157|DEBUG|MyLogger.Log|Start GET GetCategories
2019-07-11 16:21:12.2467|DEBUG|MyLogger.Log|End GET GetCategories
2019-07-11 16:21:18.9801|DEBUG|MyLogger.Log|Start DELETE DeleteCategory
2019-07-11 16:21:19.0031|DEBUG|MyLogger.Log|End DELETE DeleteCategory
2019-07-11 16:21:23.4443|DEBUG|MyLogger.Log|Start GET GetCategories
2019-07-11 16:21:23.5443|DEBUG|MyLogger.Log|End GET GetCategories
