2019-07-24 00:00:15.3218|DEBUG|MyLogger.Log|Start GET Article GetAllArticles
2019-07-24 00:00:15.4338|DEBUG|MyLogger.Log|Start GET Account isAdmin
2019-07-24 00:00:15.5538|DEBUG|MyLogger.Log|End GET Account isAdmin
2019-07-24 00:00:15.6628|DEBUG|MyLogger.Log|End GET Article GetAllArticles
2019-07-24 00:00:43.0804|DEBUG|MyLogger.Log|Start GET Category GetCategories
2019-07-24 00:00:43.0904|DEBUG|MyLogger.Log|End GET Category GetCategories
2019-07-24 00:01:01.6895|DEBUG|MyLogger.Log|Start GET Article GetAllArticles
2019-07-24 00:01:01.7105|DEBUG|MyLogger.Log|End GET Article GetAllArticles
2019-07-24 00:01:09.1509|DEBUG|MyLogger.Log|Start GET Article GetAllArticles
2019-07-24 00:01:09.1779|DEBUG|MyLogger.Log|Start GET Account isAdmin
2019-07-24 00:09:07.5723|DEBUG|MyLogger.Log|End GET Account isAdmin
2019-07-24 00:09:07.8013|DEBUG|MyLogger.Log|End GET Article GetAllArticles
2019-07-24 00:09:19.5960|DEBUG|MyLogger.Log|Start GET Account isAdmin
2019-07-24 00:10:07.3807|DEBUG|MyLogger.Log|End GET Account isAdmin
2019-07-24 00:10:07.4277|DEBUG|MyLogger.Log|Start GET Article GetAllArticles
2019-07-24 00:10:07.5237|DEBUG|MyLogger.Log|End GET Article GetAllArticles
2019-07-24 00:10:12.9170|DEBUG|MyLogger.Log|Start GET Account isAdmin
2019-07-24 00:10:53.2373|DEBUG|MyLogger.Log|End GET Account isAdmin
2019-07-24 00:10:53.2623|DEBUG|MyLogger.Log|Start GET Article GetAllArticles
2019-07-24 00:10:53.3153|DEBUG|MyLogger.Log|End GET Article GetAllArticles
2019-07-24 00:11:25.7202|DEBUG|MyLogger.Log|Start GET Account isAdmin
2019-07-24 00:11:25.8112|DEBUG|MyLogger.Log|Start GET Article GetAllArticles
2019-07-24 00:11:25.9032|DEBUG|MyLogger.Log|End GET Article GetAllArticles
2019-07-24 00:11:40.1380|DEBUG|MyLogger.Log|End GET Account isAdmin
2019-07-24 00:26:34.3371|DEBUG|MyLogger.Log|Start GET Article GetAllArticles
2019-07-24 00:26:34.3371|DEBUG|MyLogger.Log|Start GET Account isAdmin
2019-07-24 00:26:39.1754|DEBUG|MyLogger.Log|End GET Article GetAllArticles
2019-07-24 00:27:42.7561|DEBUG|MyLogger.Log|End GET Account isAdmin
2019-07-24 00:31:32.2322|DEBUG|MyLogger.Log|Start GET Article GetAllArticles
2019-07-24 00:31:32.2322|DEBUG|MyLogger.Log|Start GET Account isAdmin
2019-07-24 00:31:53.6834|DEBUG|MyLogger.Log|End GET Account isAdmin
2019-07-24 00:31:53.7664|DEBUG|MyLogger.Log|End GET Article GetAllArticles
2019-07-24 00:32:29.1854|DEBUG|MyLogger.Log|Start GET Account isAdmin
2019-07-24 00:32:33.0307|DEBUG|MyLogger.Log|End GET Account isAdmin
2019-07-24 00:37:40.0902|DEBUG|MyLogger.Log|Start GET Account isAdmin
2019-07-24 00:37:43.1904|DEBUG|MyLogger.Log|End GET Account isAdmin
2019-07-24 00:37:43.3384|DEBUG|MyLogger.Log|Start GET Article GetAllArticles
2019-07-24 00:37:43.3694|DEBUG|MyLogger.Log|End GET Article GetAllArticles
2019-07-24 00:38:23.1487|DEBUG|MyLogger.Log|Start GET Account isAdmin
2019-07-24 00:38:26.1769|DEBUG|MyLogger.Log|End GET Account isAdmin
2019-07-24 00:38:26.9639|DEBUG|MyLogger.Log|Start GET Account isAdmin
2019-07-24 00:38:36.2654|DEBUG|MyLogger.Log|End GET Account isAdmin
2019-07-24 00:49:29.7128|DEBUG|MyLogger.Log|Start GET Account isAdmin
2019-07-24 00:49:36.4272|DEBUG|MyLogger.Log|End GET Account isAdmin
2019-07-24 00:49:36.5082|DEBUG|MyLogger.Log|Start GET Account isAdmin
2019-07-24 00:49:37.3822|DEBUG|MyLogger.Log|End GET Account isAdmin
2019-07-24 00:49:49.2569|DEBUG|MyLogger.Log|Start GET Account GetUser
2019-07-24 00:49:53.4512|DEBUG|MyLogger.Log|End GET Account GetUser
2019-07-24 00:50:05.8099|DEBUG|MyLogger.Log|Start GET Account isAdmin
2019-07-24 00:50:13.3813|DEBUG|MyLogger.Log|End GET Account isAdmin
2019-07-24 00:51:34.8760|DEBUG|MyLogger.Log|Start GET Account GetUser
2019-07-24 00:51:34.9070|DEBUG|MyLogger.Log|End GET Account GetUser
2019-07-24 00:52:07.8729|DEBUG|MyLogger.Log|Start GET Account GetUser
2019-07-24 00:52:07.9069|DEBUG|MyLogger.Log|Start GET Account isAdmin
2019-07-24 00:52:07.9089|DEBUG|MyLogger.Log|End GET Account isAdmin
2019-07-24 00:52:07.9239|DEBUG|MyLogger.Log|End GET Account GetUser
2019-07-24 00:54:06.9957|DEBUG|MyLogger.Log|Start GET Account isAdmin
2019-07-24 00:54:06.9957|DEBUG|MyLogger.Log|Start GET Account GetUser
2019-07-24 00:54:06.9957|DEBUG|MyLogger.Log|End GET Account isAdmin
2019-07-24 00:54:07.0207|DEBUG|MyLogger.Log|End GET Account GetUser
2019-07-24 00:54:14.5171|DEBUG|MyLogger.Log|Start GET Account isAdmin
2019-07-24 00:54:14.5251|DEBUG|MyLogger.Log|End GET Account isAdmin
2019-07-24 00:54:23.4306|DEBUG|MyLogger.Log|Start GET Article GetAllArticles
2019-07-24 00:54:23.5626|DEBUG|MyLogger.Log|End GET Article GetAllArticles
2019-07-24 01:01:45.8209|DEBUG|MyLogger.Log|Start GET Account isAdmin
2019-07-24 01:01:45.8209|DEBUG|MyLogger.Log|Start GET Article GetAllArticles
2019-07-24 01:01:46.1169|DEBUG|MyLogger.Log|End GET Account isAdmin
2019-07-24 01:02:03.1529|DEBUG|MyLogger.Log|Start GET Account GetUser
2019-07-24 01:02:40.5990|DEBUG|MyLogger.Log|End GET Article GetAllArticles
2019-07-24 01:02:51.2156|DEBUG|MyLogger.Log|End GET Account GetUser
2019-07-24 01:04:37.1747|DEBUG|MyLogger.Log|Start GET Account isAdmin
2019-07-24 01:20:35.3455|DEBUG|MyLogger.Log|Start GET Category GetCategories
2019-07-24 01:21:00.1089|DEBUG|MyLogger.Log|End GET Category GetCategories
2019-07-24 01:21:32.3888|DEBUG|MyLogger.Log|Start GET Article GetAllArticles
2019-07-24 01:21:32.4448|DEBUG|MyLogger.Log|End GET Article GetAllArticles
2019-07-24 01:21:57.2542|DEBUG|MyLogger.Log|Start GET Account isAdmin
2019-07-24 01:22:20.6375|DEBUG|MyLogger.Log|End GET Account isAdmin
2019-07-24 01:22:20.6895|DEBUG|MyLogger.Log|Start GET Article GetAllArticles
2019-07-24 01:22:20.6895|DEBUG|MyLogger.Log|End GET Article GetAllArticles
2019-07-24 01:23:26.7903|DEBUG|MyLogger.Log|Start GET Account isAdmin
2019-07-24 01:23:29.0464|DEBUG|MyLogger.Log|End GET Account isAdmin
2019-07-24 01:23:29.0764|DEBUG|MyLogger.Log|Start GET Account GetAllUsers
2019-07-24 01:23:38.1630|DEBUG|MyLogger.Log|End GET Account GetAllUsers
2019-07-24 01:29:05.8187|DEBUG|MyLogger.Log|Start GET Account isAdmin
2019-07-24 01:29:06.0337|DEBUG|MyLogger.Log|End GET Account isAdmin
2019-07-24 01:29:06.2277|DEBUG|MyLogger.Log|Start GET Account isAdmin
2019-07-24 01:29:06.2277|DEBUG|MyLogger.Log|Start GET Account GetAllUsers
2019-07-24 01:29:06.2277|DEBUG|MyLogger.Log|End GET Account isAdmin
2019-07-24 01:29:06.8948|DEBUG|MyLogger.Log|End GET Account GetAllUsers
2019-07-24 01:29:14.8112|DEBUG|MyLogger.Log|Start GET Account isAdmin
2019-07-24 01:29:14.8112|DEBUG|MyLogger.Log|End GET Account isAdmin
2019-07-24 01:29:15.4233|DEBUG|MyLogger.Log|Start GET Account GetUser
2019-07-24 01:29:15.9873|DEBUG|MyLogger.Log|End GET Account GetUser
2019-07-24 01:29:51.8203|DEBUG|MyLogger.Log|Start GET Account isAdmin
2019-07-24 01:29:51.8203|DEBUG|MyLogger.Log|End GET Account isAdmin
2019-07-24 01:29:51.8413|DEBUG|MyLogger.Log|Start GET Account GetAllUsers
2019-07-24 01:29:51.8413|DEBUG|MyLogger.Log|End GET Account GetAllUsers
2019-07-24 01:30:27.0974|DEBUG|MyLogger.Log|Start GET Account GetUser
2019-07-24 01:30:27.0974|DEBUG|MyLogger.Log|Start GET Account isAdmin
2019-07-24 01:30:27.1184|DEBUG|MyLogger.Log|End GET Account isAdmin
2019-07-24 01:30:27.1514|DEBUG|MyLogger.Log|End GET Account GetUser
2019-07-24 01:36:28.4040|DEBUG|MyLogger.Log|Start GET Account isAdmin
2019-07-24 01:36:28.4040|DEBUG|MyLogger.Log|Start GET Account GetUser
2019-07-24 01:36:28.6790|DEBUG|MyLogger.Log|End GET Account isAdmin
2019-07-24 01:36:28.9841|DEBUG|MyLogger.Log|Start GET Account isAdmin
2019-07-24 01:36:28.9841|DEBUG|MyLogger.Log|End GET Account isAdmin
2019-07-24 01:36:29.9871|DEBUG|MyLogger.Log|End GET Account GetUser
2019-07-24 01:37:31.7376|DEBUG|MyLogger.Log|Start POST Account SetPassword
2019-07-24 01:37:31.8907|DEBUG|MyLogger.Log|End POST Account SetPassword
2019-07-24 01:41:36.3826|DEBUG|MyLogger.Log|Start GET Account isAdmin
2019-07-24 01:41:36.4346|DEBUG|MyLogger.Log|Start GET Account GetUser
2019-07-24 01:41:36.5697|DEBUG|MyLogger.Log|End GET Account isAdmin
2019-07-24 01:41:36.8057|DEBUG|MyLogger.Log|Start GET Account isAdmin
2019-07-24 01:41:36.8057|DEBUG|MyLogger.Log|End GET Account isAdmin
2019-07-24 01:41:38.9138|DEBUG|MyLogger.Log|End GET Account GetUser
2019-07-24 01:42:11.9377|DEBUG|MyLogger.Log|Start GET Account isAdmin
2019-07-24 01:42:11.9377|DEBUG|MyLogger.Log|End GET Account isAdmin
2019-07-24 01:42:11.9427|DEBUG|MyLogger.Log|Start GET Account GetUser
2019-07-24 01:42:11.9907|DEBUG|MyLogger.Log|End GET Account GetUser
2019-07-24 01:42:12.2877|DEBUG|MyLogger.Log|Start GET Account isAdmin
2019-07-24 01:42:12.2877|DEBUG|MyLogger.Log|End GET Account isAdmin
2019-07-24 01:42:59.6034|DEBUG|MyLogger.Log|Start GET Account isAdmin
2019-07-24 01:42:59.6034|DEBUG|MyLogger.Log|End GET Account isAdmin
2019-07-24 01:42:59.6924|DEBUG|MyLogger.Log|Start GET Account isAdmin
2019-07-24 01:42:59.6984|DEBUG|MyLogger.Log|End GET Account isAdmin
2019-07-24 01:42:59.7954|DEBUG|MyLogger.Log|Start GET Account GetUser
2019-07-24 01:42:59.9354|DEBUG|MyLogger.Log|End GET Account GetUser
2019-07-24 01:44:17.3608|DEBUG|MyLogger.Log|Start GET Account GetUser
2019-07-24 01:44:17.5799|DEBUG|MyLogger.Log|End GET Account GetUser
2019-07-24 01:44:27.5784|DEBUG|MyLogger.Log|Start GET Account isAdmin
2019-07-24 01:44:27.5784|DEBUG|MyLogger.Log|End GET Account isAdmin
2019-07-24 01:44:27.7144|DEBUG|MyLogger.Log|Start GET Account GetAllUsers
2019-07-24 01:44:27.7144|DEBUG|MyLogger.Log|End GET Account GetAllUsers
2019-07-24 01:44:29.1235|DEBUG|MyLogger.Log|Start GET Account isAdmin
2019-07-24 01:44:29.1235|DEBUG|MyLogger.Log|End GET Account isAdmin
2019-07-24 01:44:29.2045|DEBUG|MyLogger.Log|Start GET Account GetUser
2019-07-24 01:44:29.2155|DEBUG|MyLogger.Log|End GET Account GetUser
2019-07-24 12:58:53.9149|DEBUG|MyLogger.Log|Start GET Category GetCategories
2019-07-24 13:01:18.2732|DEBUG|MyLogger.Log|Start GET Category GetCategories
2019-07-24 13:01:18.2732|DEBUG|MyLogger.Log|End GET Category GetCategories
2019-07-24 13:01:18.3032|ERROR|MyLogger.Log|При установлении соединения с SQL Server произошла ошибка, связанная с сетью или с определенным экземпляром. Сервер не найден или недоступен. Убедитесь, что имя экземпляра указано правильно и что на SQL Server разрешены удаленные соединения. (provider: SQL Network Interfaces, error: 50 - Произошла ошибка Local Database Runtime.Указанный экземпляр LocalDB не существует.
)GetCategories
2019-07-24 13:02:05.7719|DEBUG|MyLogger.Log|End GET Category GetCategories
2019-07-24 13:02:05.7869|ERROR|MyLogger.Log|При установлении соединения с SQL Server произошла ошибка, связанная с сетью или с определенным экземпляром. Сервер не найден или недоступен. Убедитесь, что имя экземпляра указано правильно и что на SQL Server разрешены удаленные соединения. (provider: SQL Network Interfaces, error: 50 - Произошла ошибка Local Database Runtime.Указанный экземпляр LocalDB не существует.
)GetCategories
2019-07-24 13:03:25.6585|DEBUG|MyLogger.Log|Start GET Category GetCategories
2019-07-24 13:05:05.9752|DEBUG|MyLogger.Log|End GET Category GetCategories
2019-07-24 13:05:06.4362|ERROR|MyLogger.Log|Подключение к серверу успешно установлено, но затем произошла ошибка при входе. (provider: Named Pipes Provider, error: 0 - С обоих концов канала отсутствуют процессы.)GetCategories
2019-07-24 13:06:50.8602|DEBUG|MyLogger.Log|Start GET Category GetCategories
2019-07-24 13:06:53.4634|DEBUG|MyLogger.Log|End GET Category GetCategories
