2019-07-10 11:24:38.3000|DEBUG|MyLogger.Log|Start GET GetCategories
2019-07-10 11:25:11.9959|DEBUG|MyLogger.Log|Start GET GetCategories
2019-07-10 11:25:32.7431|DEBUG|MyLogger.Log|Start GET GetCategories
2019-07-10 11:42:16.0582|DEBUG|MyLogger.Log|Start GET GetCategories
2019-07-10 11:42:16.0582|DEBUG|MyLogger.Log|Start GET GetCategories
2019-07-10 11:44:28.6098|DEBUG|MyLogger.Log|End GET GetCategories
2019-07-10 11:44:28.6098|DEBUG|MyLogger.Log|End GET GetCategories
2019-07-10 11:53:44.5916|DEBUG|MyLogger.Log|Start GET GetCategories
2019-07-10 11:53:44.7836|DEBUG|MyLogger.Log|End GET GetCategories
2019-07-10 11:57:49.4906|DEBUG|MyLogger.Log|Start GET GetCategories
2019-07-10 11:57:50.4796|DEBUG|MyLogger.Log|End GET GetCategories
2019-07-10 12:16:30.8367|DEBUG|MyLogger.Log|Start GET GetArticlesOfCategory
2019-07-10 12:16:32.9828|DEBUG|MyLogger.Log|Start GET GetArticlesOfCategory
2019-07-10 12:16:44.4315|DEBUG|MyLogger.Log|Start GET GetShortArticles
2019-07-10 12:16:44.4505|DEBUG|MyLogger.Log|End GET GetArticlesOfCategory
2019-07-10 12:17:24.0978|DEBUG|MyLogger.Log|Start GET GetArticlesOfCategory
2019-07-10 12:20:21.4079|DEBUG|MyLogger.Log|Start GET GetShortArticles
2019-07-10 12:20:30.1634|DEBUG|MyLogger.Log|End GET GetShortArticles
2019-07-10 12:20:30.1634|DEBUG|MyLogger.Log|End GET GetShortArticles
2019-07-10 12:20:32.6965|DEBUG|MyLogger.Log|End GET GetArticlesOfCategory
2019-07-10 12:20:32.7035|DEBUG|MyLogger.Log|End GET GetArticlesOfCategory
2019-07-10 12:20:33.4736|DEBUG|MyLogger.Log|Start GET GetArticlesOfCategory
2019-07-10 12:20:33.8756|DEBUG|MyLogger.Log|End GET GetArticlesOfCategory
2019-07-10 12:21:25.5086|DEBUG|MyLogger.Log|Start GET GetShortArticles
2019-07-10 12:21:25.6396|DEBUG|MyLogger.Log|End GET GetShortArticles
2019-07-10 12:22:39.2068|DEBUG|MyLogger.Log|Start GET GetArticlesOfCategory
2019-07-10 14:16:56.7420|DEBUG|MyLogger.Log|Start GET GetArticlesOfCategory
2019-07-10 14:17:14.0140|DEBUG|MyLogger.Log|Start GET GetShortArticles
2019-07-10 14:17:51.6701|DEBUG|MyLogger.Log|End GET GetShortArticles
2019-07-10 14:17:54.1753|DEBUG|MyLogger.Log|End GET GetArticlesOfCategory
2019-07-10 14:21:26.9095|DEBUG|MyLogger.Log|Start GET GetArticlesOfCategory
2019-07-10 14:23:09.2403|DEBUG|MyLogger.Log|End GET GetArticlesOfCategory
2019-07-10 14:23:15.9597|DEBUG|MyLogger.Log|Start GET GetShortArticles
2019-07-10 14:23:15.9597|DEBUG|MyLogger.Log|End GET GetShortArticles
2019-07-10 14:24:41.7276|DEBUG|MyLogger.Log|Start GET GetArticlesOfCategory
2019-07-10 14:24:41.7666|DEBUG|MyLogger.Log|End GET GetArticlesOfCategory
2019-07-10 14:34:25.0860|DEBUG|MyLogger.Log|Start GET GetArticlesOfCategory
2019-07-10 14:35:10.2565|DEBUG|MyLogger.Log|End GET GetArticlesOfCategory
2019-07-10 14:48:05.2929|DEBUG|MyLogger.Log|Start POST AddArticle
2019-07-10 14:48:05.2929|DEBUG|MyLogger.Log|Start GET GetArticlesOfCategory
2019-07-10 14:48:05.6689|DEBUG|MyLogger.Log|action: POST AddArticle Data: '  ' Valid 
2019-07-10 14:54:56.4374|DEBUG|MyLogger.Log|Start POST AddArticle
2019-07-10 14:54:56.6704|DEBUG|MyLogger.Log|action: POST AddArticle Data: '  ' Valid 
2019-07-10 15:07:41.2261|DEBUG|MyLogger.Log|Start GET GetShortArticles
2019-07-10 15:07:42.7792|DEBUG|MyLogger.Log|Start POST AddArticle
2019-07-10 15:08:10.7498|DEBUG|MyLogger.Log|End POST AddArticle
2019-07-10 15:08:10.7658|ERROR|MyLogger.Log|   in action: AddArticle
2019-07-10 15:08:11.2289|DEBUG|MyLogger.Log|Start GET GetArticlesOfCategory
2019-07-10 15:09:11.9653|DEBUG|MyLogger.Log|Start GET GetShortArticles
2019-07-10 15:09:20.5098|DEBUG|MyLogger.Log|End GET GetShortArticles
2019-07-10 15:09:20.5388|DEBUG|MyLogger.Log|End GET GetShortArticles
2019-07-10 15:09:21.3639|DEBUG|MyLogger.Log|End GET GetArticlesOfCategory
2019-07-10 15:10:09.4416|DEBUG|MyLogger.Log|Start POST AddArticle
2019-07-10 15:18:07.4520|DEBUG|MyLogger.Log|Start GET GetShortArticles
2019-07-10 15:18:08.4250|DEBUG|MyLogger.Log|Start POST AddArticle
2019-07-10 15:25:28.8682|DEBUG|MyLogger.Log|Start GET GetShortArticles
2019-07-10 15:25:29.6042|DEBUG|MyLogger.Log|Start POST AddArticle
2019-07-10 15:31:18.4542|DEBUG|MyLogger.Log|End POST AddArticle
2019-07-10 15:31:18.6542|DEBUG|MyLogger.Log|End GET GetShortArticles
2019-07-10 15:31:21.4734|DEBUG|MyLogger.Log|Start GET GetArticlesOfCategory
2019-07-10 15:31:31.5599|DEBUG|MyLogger.Log|End GET GetArticlesOfCategory
2019-07-10 15:43:11.7924|DEBUG|MyLogger.Log|Start GET GetShortArticles
2019-07-10 15:43:12.1294|DEBUG|MyLogger.Log|End GET GetShortArticles
2019-07-10 15:43:34.5538|DEBUG|MyLogger.Log|Start POST AddArticle
2019-07-10 15:44:08.0965|DEBUG|MyLogger.Log|End POST AddArticle
2019-07-10 15:44:08.5555|DEBUG|MyLogger.Log|Start GET GetArticlesOfCategory
2019-07-10 15:44:13.6037|DEBUG|MyLogger.Log|End GET GetArticlesOfCategory
2019-07-10 15:46:55.9524|DEBUG|MyLogger.Log|Start GET GetShortArticles
2019-07-10 15:46:56.1954|DEBUG|MyLogger.Log|End GET GetShortArticles
2019-07-10 15:47:35.3711|DEBUG|MyLogger.Log|Start POST AddArticle
2019-07-10 15:48:21.3127|DEBUG|MyLogger.Log|End POST AddArticle
2019-07-10 15:48:21.5318|DEBUG|MyLogger.Log|Start GET GetArticlesOfCategory
2019-07-10 15:48:24.1298|DEBUG|MyLogger.Log|End GET GetArticlesOfCategory
2019-07-10 15:50:33.7547|DEBUG|MyLogger.Log|Start GET GetShortArticles
2019-07-10 15:50:33.9747|DEBUG|MyLogger.Log|End GET GetShortArticles
2019-07-10 15:50:47.3869|DEBUG|MyLogger.Log|Start POST AddArticle
2019-07-10 15:51:07.3318|DEBUG|MyLogger.Log|End POST AddArticle
2019-07-10 15:51:07.3748|DEBUG|MyLogger.Log|Start GET GetArticlesOfCategory
2019-07-10 15:51:09.5719|DEBUG|MyLogger.Log|End GET GetArticlesOfCategory
2019-07-10 15:51:47.9707|DEBUG|MyLogger.Log|Start GET GetShortArticles
2019-07-10 15:51:47.9907|DEBUG|MyLogger.Log|End GET GetShortArticles
2019-07-10 15:51:59.6139|DEBUG|MyLogger.Log|Start POST AddArticle
2019-07-10 15:52:06.7980|DEBUG|MyLogger.Log|End POST AddArticle
2019-07-10 15:52:10.1331|DEBUG|MyLogger.Log|Start GET GetShortArticles
2019-07-10 15:52:10.1331|DEBUG|MyLogger.Log|End GET GetShortArticles
2019-07-10 15:54:00.8558|DEBUG|MyLogger.Log|Start GET GetShortArticles
2019-07-10 15:54:00.8658|DEBUG|MyLogger.Log|End GET GetShortArticles
2019-07-10 16:16:14.5129|DEBUG|MyLogger.Log|Start GET GetShortArticles
2019-07-10 16:16:15.7320|DEBUG|MyLogger.Log|Start POST AddArticle
2019-07-10 16:17:08.7573|DEBUG|MyLogger.Log|End GET GetShortArticles
2019-07-10 16:18:01.9642|DEBUG|MyLogger.Log|End POST AddArticle
2019-07-10 16:18:02.0012|ERROR|MyLogger.Log|The INSERT statement conflicted with the FOREIGN KEY constraint "FK__Articles__UserId__65370702". The conflict occurred in database "ArticleDB", table "dbo.Users", column 'Id'.
The statement has been terminated.AddArticle
2019-07-10 16:18:02.3752|DEBUG|MyLogger.Log|Start GET GetArticlesOfCategory
2019-07-10 16:18:06.8703|DEBUG|MyLogger.Log|End GET GetArticlesOfCategory
2019-07-10 16:18:37.4919|DEBUG|MyLogger.Log|Start GET GetShortArticles
2019-07-10 16:18:37.6910|DEBUG|MyLogger.Log|End GET GetShortArticles
2019-07-10 16:19:37.8934|DEBUG|MyLogger.Log|Start GET GetShortArticles
2019-07-10 16:19:38.2404|DEBUG|MyLogger.Log|End GET GetShortArticles
2019-07-10 16:19:56.3194|DEBUG|MyLogger.Log|Start POST AddArticle
2019-07-10 16:47:45.9372|DEBUG|MyLogger.Log|Start GET GetShortArticles
2019-07-10 16:47:49.8234|DEBUG|MyLogger.Log|Start POST AddArticle
2019-07-10 16:57:26.0124|DEBUG|MyLogger.Log|Start GET GetShortArticles
2019-07-10 16:57:26.0124|DEBUG|MyLogger.Log|Start POST AddArticle
2019-07-10 16:57:33.5108|DEBUG|MyLogger.Log|End GET GetShortArticles
2019-07-10 16:57:57.9332|DEBUG|MyLogger.Log|End POST AddArticle
2019-07-10 16:57:57.9532|ERROR|MyLogger.Log|The INSERT statement conflicted with the FOREIGN KEY constraint "FK__Articles__UserId__73852659". The conflict occurred in database "ArticleDB", table "dbo.Users", column 'Id'.
The statement has been terminated.AddArticle
2019-07-10 16:57:58.1432|DEBUG|MyLogger.Log|Start GET GetArticlesOfCategory
2019-07-10 16:58:01.3814|DEBUG|MyLogger.Log|End GET GetArticlesOfCategory
2019-07-10 17:01:12.5093|DEBUG|MyLogger.Log|Start GET GetShortArticles
2019-07-10 17:01:12.6154|DEBUG|MyLogger.Log|End GET GetShortArticles
2019-07-10 17:01:29.5743|DEBUG|MyLogger.Log|Start POST AddArticle
2019-07-10 17:01:32.9175|DEBUG|MyLogger.Log|End POST AddArticle
2019-07-10 17:01:33.0165|DEBUG|MyLogger.Log|Start GET GetArticlesOfCategory
2019-07-10 17:01:35.4857|DEBUG|MyLogger.Log|End GET GetArticlesOfCategory
2019-07-10 17:01:43.2831|DEBUG|MyLogger.Log|Start GET GetShortArticles
2019-07-10 17:01:43.3021|DEBUG|MyLogger.Log|End GET GetShortArticles
2019-07-10 17:06:20.6030|DEBUG|MyLogger.Log|Start GET GetShortArticles
2019-07-10 17:06:21.5020|DEBUG|MyLogger.Log|End GET GetShortArticles
2019-07-10 17:07:07.7327|DEBUG|MyLogger.Log|Start GET GetArticlesOfCategory
2019-07-10 17:07:10.3928|DEBUG|MyLogger.Log|End GET GetArticlesOfCategory
2019-07-10 17:09:05.3204|DEBUG|MyLogger.Log|Start GET GetArticlesOfCategory
2019-07-10 17:09:09.2286|DEBUG|MyLogger.Log|End GET GetArticlesOfCategory
2019-07-10 17:09:42.4405|DEBUG|MyLogger.Log|Start GET GetCategories
2019-07-10 17:09:43.4176|DEBUG|MyLogger.Log|End GET GetCategories
2019-07-10 17:09:46.4077|DEBUG|MyLogger.Log|Start GET GetCategories
2019-07-10 17:09:46.4077|DEBUG|MyLogger.Log|End GET GetCategories
2019-07-10 17:09:59.3255|DEBUG|MyLogger.Log|Start POST AddCategory
2019-07-10 17:09:59.3255|DEBUG|MyLogger.Log|action: POST AddCategory Data: '  ' Valid 
2019-07-10 17:11:34.8819|DEBUG|MyLogger.Log|End POST AddCategory
2019-07-10 17:11:34.8819|ERROR|MyLogger.Log|Cannot insert the value NULL into column 'Id', table 'ArticleDB.dbo.Category'; column does not allow nulls. INSERT fails.
The statement has been terminated.AddCategory
2019-07-10 17:11:45.2145|DEBUG|MyLogger.Log|Start POST AddCategory
2019-07-10 17:11:45.2145|DEBUG|MyLogger.Log|action: POST AddCategory Data: '  ' Valid 
2019-07-10 17:13:19.2949|DEBUG|MyLogger.Log|Start GET GetCategories
2019-07-10 17:13:19.3419|DEBUG|MyLogger.Log|End POST AddCategory
2019-07-10 17:13:19.3419|DEBUG|MyLogger.Log|End GET GetCategories
2019-07-10 17:13:19.3769|ERROR|MyLogger.Log|Cannot insert the value NULL into column 'Id', table 'ArticleDB.dbo.Category'; column does not allow nulls. INSERT fails.
The statement has been terminated.AddCategory
2019-07-10 17:13:32.7527|DEBUG|MyLogger.Log|Start GET GetCategories
2019-07-10 17:13:32.7527|DEBUG|MyLogger.Log|End GET GetCategories
2019-07-10 17:13:45.4164|DEBUG|MyLogger.Log|Start POST AddCategory
2019-07-10 17:13:45.4164|DEBUG|MyLogger.Log|action: POST AddCategory Data: '  ' Valid 
2019-07-10 17:13:45.4164|DEBUG|MyLogger.Log|End POST AddCategory
2019-07-10 17:14:19.3794|DEBUG|MyLogger.Log|Start GET GetCategories
2019-07-10 17:14:19.4144|DEBUG|MyLogger.Log|End GET GetCategories
2019-07-10 17:14:35.6033|DEBUG|MyLogger.Log|Start DELETE DeleteCategory
2019-07-10 17:14:38.5114|DEBUG|MyLogger.Log|End DELETE DeleteCategory
2019-07-10 17:15:04.1039|DEBUG|MyLogger.Log|Start GET GetCategories
2019-07-10 17:15:04.1039|DEBUG|MyLogger.Log|End GET GetCategories
2019-07-10 17:15:07.2421|DEBUG|MyLogger.Log|Start GET GetCategories
2019-07-10 17:15:07.2421|DEBUG|MyLogger.Log|End GET GetCategories
2019-07-10 17:15:09.8072|DEBUG|MyLogger.Log|Start GET GetCategories
2019-07-10 17:15:09.8212|DEBUG|MyLogger.Log|End GET GetCategories
2019-07-10 17:15:11.1153|DEBUG|MyLogger.Log|Start GET GetCategories
2019-07-10 17:15:11.1203|DEBUG|MyLogger.Log|End GET GetCategories
2019-07-10 17:15:17.2507|DEBUG|MyLogger.Log|Start GET GetArticlesOfCategory
2019-07-10 17:15:17.2577|DEBUG|MyLogger.Log|End GET GetArticlesOfCategory
2019-07-10 17:15:22.1489|DEBUG|MyLogger.Log|Start GET GetShortArticles
2019-07-10 17:15:22.2209|DEBUG|MyLogger.Log|End GET GetShortArticles
2019-07-10 17:15:29.9634|DEBUG|MyLogger.Log|Start GET GetCategories
2019-07-10 17:15:29.9704|DEBUG|MyLogger.Log|End GET GetCategories
2019-07-10 17:15:54.2278|DEBUG|MyLogger.Log|Start GET GetArticlesOfCategory
2019-07-10 17:15:54.2278|DEBUG|MyLogger.Log|End GET GetArticlesOfCategory
2019-07-10 17:15:55.5849|DEBUG|MyLogger.Log|Start GET GetShortArticles
2019-07-10 17:15:55.5849|DEBUG|MyLogger.Log|End GET GetShortArticles
2019-07-10 17:16:33.0420|DEBUG|MyLogger.Log|Start POST AddArticle
2019-07-10 17:16:33.1470|DEBUG|MyLogger.Log|End POST AddArticle
2019-07-10 17:16:35.0891|DEBUG|MyLogger.Log|Start GET GetCategories
2019-07-10 17:16:35.0971|DEBUG|MyLogger.Log|End GET GetCategories
2019-07-10 17:16:38.0473|DEBUG|MyLogger.Log|Start GET GetCategories
2019-07-10 17:16:38.0803|DEBUG|MyLogger.Log|End GET GetCategories
2019-07-10 17:16:40.2774|DEBUG|MyLogger.Log|Start GET GetCategories
2019-07-10 17:16:40.2774|DEBUG|MyLogger.Log|End GET GetCategories
2019-07-10 17:17:04.2248|DEBUG|MyLogger.Log|Start GET GetArticlesOfCategory
2019-07-10 17:17:04.2248|DEBUG|MyLogger.Log|End GET GetArticlesOfCategory
2019-07-10 17:17:07.2910|DEBUG|MyLogger.Log|Start GET GetCategories
2019-07-10 17:17:07.2910|DEBUG|MyLogger.Log|End GET GetCategories
