2019-07-17 16:05:51.7451|DEBUG|MyLogger.Log|Start POST Register
2019-07-17 16:05:52.2351|DEBUG|MyLogger.Log|End POST Register
2019-07-17 16:06:22.2338|DEBUG|MyLogger.Log|Start POST Register
2019-07-17 16:06:22.3518|DEBUG|MyLogger.Log|End POST Register
2019-07-17 16:06:34.4915|DEBUG|MyLogger.Log|Start POST Register
2019-07-17 16:06:34.4915|DEBUG|MyLogger.Log|End POST Register
2019-07-17 16:07:02.8272|DEBUG|MyLogger.Log|Start POST Register
2019-07-17 16:07:43.1289|DEBUG|MyLogger.Log|End POST Register
2019-07-17 16:14:26.0553|DEBUG|MyLogger.Log|Start POST Register
2019-07-17 16:14:26.4793|DEBUG|MyLogger.Log|End POST Register
2019-07-17 16:25:56.4744|DEBUG|MyLogger.Log|Start GET GetUserInfo
2019-07-17 16:25:56.4864|DEBUG|MyLogger.Log|End GET GetUserInfo
2019-07-17 17:22:21.9461|DEBUG|MyLogger.Log|Start POST Register
2019-07-17 17:22:29.9126|DEBUG|MyLogger.Log|End POST Register
2019-07-17 17:28:22.6284|DEBUG|MyLogger.Log|Start GET GetArticlesOfCategory
2019-07-17 17:28:41.9345|DEBUG|MyLogger.Log|Start GET GetArticlesOfCategory
2019-07-17 17:29:15.5114|DEBUG|MyLogger.Log|Start GET GetAllArticles
2019-07-17 17:29:48.7923|DEBUG|MyLogger.Log|End GET GetAllArticles
2019-07-17 17:29:51.4324|DEBUG|MyLogger.Log|End GET GetArticlesOfCategory
2019-07-17 17:29:51.4324|DEBUG|MyLogger.Log|End GET GetArticlesOfCategory
2019-07-17 17:30:02.2831|DEBUG|MyLogger.Log|Start GET GetArticle
2019-07-17 17:30:02.3941|DEBUG|MyLogger.Log|End GET GetArticle
2019-07-17 17:30:02.6681|DEBUG|MyLogger.Log|Start GET GetShortArticles
2019-07-17 17:30:02.6681|DEBUG|MyLogger.Log|Start GET GetCategories
2019-07-17 17:30:02.6681|DEBUG|MyLogger.Log|End GET GetShortArticles
2019-07-17 17:30:02.6841|DEBUG|MyLogger.Log|End GET GetCategories
2019-07-17 17:30:52.5689|DEBUG|MyLogger.Log|Start GET GetAllArticles
2019-07-17 17:30:52.6579|DEBUG|MyLogger.Log|End GET GetAllArticles
2019-07-17 17:30:54.5771|DEBUG|MyLogger.Log|Start GET GetCategories
2019-07-17 17:30:54.5771|DEBUG|MyLogger.Log|End GET GetCategories
2019-07-17 17:31:12.1831|DEBUG|MyLogger.Log|Start GET GetArticlesOfCategory
2019-07-17 17:31:12.1961|DEBUG|MyLogger.Log|End GET GetArticlesOfCategory
2019-07-17 17:31:14.7022|DEBUG|MyLogger.Log|Start GET GetArticle
2019-07-17 17:31:14.7292|DEBUG|MyLogger.Log|End GET GetArticle
2019-07-17 17:31:14.7522|DEBUG|MyLogger.Log|Start GET GetShortArticles
2019-07-17 17:31:14.7952|DEBUG|MyLogger.Log|End GET GetShortArticles
2019-07-17 17:31:14.7952|DEBUG|MyLogger.Log|Start GET GetCategories
2019-07-17 17:31:14.8952|DEBUG|MyLogger.Log|End GET GetCategories
2019-07-17 17:31:22.5827|DEBUG|MyLogger.Log|Start GET GetArticlesOfCategory
2019-07-17 17:31:22.5927|DEBUG|MyLogger.Log|End GET GetArticlesOfCategory
2019-07-17 17:31:27.1369|DEBUG|MyLogger.Log|Start GET GetCategories
2019-07-17 17:31:27.1419|DEBUG|MyLogger.Log|End GET GetCategories
2019-07-17 17:31:29.5571|DEBUG|MyLogger.Log|Start GET GetArticlesOfCategory
2019-07-17 17:31:29.5661|DEBUG|MyLogger.Log|End GET GetArticlesOfCategory
2019-07-17 17:31:32.4782|DEBUG|MyLogger.Log|Start GET GetCategories
2019-07-17 17:31:32.5252|DEBUG|MyLogger.Log|End GET GetCategories
2019-07-17 17:40:06.8866|DEBUG|MyLogger.Log|Start GET GetAllArticles
2019-07-17 17:40:06.9266|DEBUG|MyLogger.Log|End GET GetAllArticles
2019-07-17 17:40:09.4988|DEBUG|MyLogger.Log|Start GET GetArticle
2019-07-17 17:40:09.5248|DEBUG|MyLogger.Log|End GET GetArticle
2019-07-17 17:40:09.6158|DEBUG|MyLogger.Log|Start GET GetCategories
2019-07-17 17:40:09.6198|DEBUG|MyLogger.Log|End GET GetCategories
2019-07-17 17:40:09.6198|DEBUG|MyLogger.Log|Start GET GetShortArticles
2019-07-17 17:40:09.6458|DEBUG|MyLogger.Log|End GET GetShortArticles
