2019-07-22 14:40:30.2939|DEBUG|MyLogger.Log|Start GET Article SearchArticle
2019-07-22 14:41:43.4151|DEBUG|MyLogger.Log|End GET Article SearchArticle
2019-07-22 14:43:43.3019|DEBUG|MyLogger.Log|Start GET Article SearchArticle
2019-07-22 14:43:47.6962|DEBUG|MyLogger.Log|End GET Article SearchArticle
2019-07-22 14:45:02.6785|DEBUG|MyLogger.Log|Start GET Article SearchArticle
2019-07-22 14:45:02.7005|DEBUG|MyLogger.Log|End GET Article SearchArticle
2019-07-22 14:45:20.2995|DEBUG|MyLogger.Log|Start GET Article SearchArticle
2019-07-22 14:45:42.7268|DEBUG|MyLogger.Log|End GET Article SearchArticle
2019-07-22 17:55:10.2537|DEBUG|MyLogger.Log|Start GET Article GetAllArticles
2019-07-22 17:55:38.6043|DEBUG|MyLogger.Log|End GET Article GetAllArticles
2019-07-22 17:57:02.2671|DEBUG|MyLogger.Log|Start GET Article GetAllArticles
2019-07-22 17:57:02.5501|DEBUG|MyLogger.Log|End GET Article GetAllArticles
2019-07-22 17:57:17.6900|DEBUG|MyLogger.Log|Start GET Category GetCategories
2019-07-22 17:57:17.7350|DEBUG|MyLogger.Log|End GET Category GetCategories
2019-07-22 17:57:26.6585|DEBUG|MyLogger.Log|Start GET Article GetAllArticles
2019-07-22 17:57:27.3625|DEBUG|MyLogger.Log|End GET Article GetAllArticles
2019-07-22 17:58:33.0083|DEBUG|MyLogger.Log|Start GET Article GetAllArticles
2019-07-22 17:58:36.3885|DEBUG|MyLogger.Log|End GET Article GetAllArticles
2019-07-22 17:59:01.9539|DEBUG|MyLogger.Log|Start GET Article GetAllArticles
2019-07-22 17:59:01.9709|DEBUG|MyLogger.Log|End GET Article GetAllArticles
2019-07-22 17:59:52.3828|DEBUG|MyLogger.Log|Start GET Article GetAllArticles
2019-07-22 17:59:52.5628|DEBUG|MyLogger.Log|End GET Article GetAllArticles
2019-07-22 18:00:12.5480|DEBUG|MyLogger.Log|Start GET Article GetAllArticles
2019-07-22 18:00:12.5710|DEBUG|MyLogger.Log|End GET Article GetAllArticles
2019-07-22 18:00:28.8249|DEBUG|MyLogger.Log|Start GET Article GetAllArticles
2019-07-22 18:00:28.8249|DEBUG|MyLogger.Log|End GET Article GetAllArticles
2019-07-22 18:01:32.6956|DEBUG|MyLogger.Log|Start GET Article GetAllArticles
2019-07-22 18:01:33.8006|DEBUG|MyLogger.Log|End GET Article GetAllArticles
2019-07-22 18:01:46.4673|DEBUG|MyLogger.Log|Start GET Article GetAllArticles
2019-07-22 18:01:46.6323|DEBUG|MyLogger.Log|End GET Article GetAllArticles
2019-07-22 18:02:11.9748|DEBUG|MyLogger.Log|Start GET Article GetAllArticles
2019-07-22 18:02:12.1718|DEBUG|MyLogger.Log|End GET Article GetAllArticles
2019-07-22 18:02:25.7496|DEBUG|MyLogger.Log|Start GET Article GetAllArticles
2019-07-22 18:02:25.7656|DEBUG|MyLogger.Log|End GET Article GetAllArticles
2019-07-22 18:02:45.1767|DEBUG|MyLogger.Log|Start GET Article GetAllArticles
2019-07-22 18:02:45.2147|DEBUG|MyLogger.Log|End GET Article GetAllArticles
2019-07-22 18:03:57.3498|DEBUG|MyLogger.Log|Start GET Article GetAllArticles
2019-07-22 18:03:57.5558|DEBUG|MyLogger.Log|End GET Article GetAllArticles
2019-07-22 18:04:34.8980|DEBUG|MyLogger.Log|Start GET Article GetAllArticles
2019-07-22 18:04:35.1700|DEBUG|MyLogger.Log|End GET Article GetAllArticles
2019-07-22 18:04:47.7027|DEBUG|MyLogger.Log|Start GET Category GetCategories
2019-07-22 18:04:47.7027|DEBUG|MyLogger.Log|End GET Category GetCategories
2019-07-22 18:04:53.7571|DEBUG|MyLogger.Log|Start GET Article GetAllArticles
2019-07-22 18:04:53.7761|DEBUG|MyLogger.Log|End GET Article GetAllArticles
2019-07-22 18:04:55.3041|DEBUG|MyLogger.Log|Start GET Category GetCategories
2019-07-22 18:04:55.3041|DEBUG|MyLogger.Log|End GET Category GetCategories
2019-07-22 18:04:56.1532|DEBUG|MyLogger.Log|Start GET Article GetAllArticles
2019-07-22 18:04:56.1662|DEBUG|MyLogger.Log|End GET Article GetAllArticles
2019-07-22 18:04:59.3194|DEBUG|MyLogger.Log|Start GET Category GetCategories
2019-07-22 18:04:59.3194|DEBUG|MyLogger.Log|End GET Category GetCategories
2019-07-22 18:25:29.0737|DEBUG|MyLogger.Log|Start GET Article GetAllArticles
2019-07-22 18:25:30.7838|DEBUG|MyLogger.Log|End GET Article GetAllArticles
2019-07-22 18:25:33.6720|DEBUG|MyLogger.Log|Start GET Category GetCategories
2019-07-22 18:25:33.6720|DEBUG|MyLogger.Log|End GET Category GetCategories
2019-07-22 18:30:29.4209|DEBUG|MyLogger.Log|Start GET Category GetCategories
2019-07-22 18:30:29.5259|DEBUG|MyLogger.Log|End GET Category GetCategories
2019-07-22 18:30:30.4789|DEBUG|MyLogger.Log|Start GET Article GetAllArticles
2019-07-22 18:30:30.5660|DEBUG|MyLogger.Log|End GET Article GetAllArticles
2019-07-22 18:30:31.6510|DEBUG|MyLogger.Log|Start GET Category GetCategories
2019-07-22 18:30:31.6680|DEBUG|MyLogger.Log|End GET Category GetCategories
2019-07-22 18:32:14.6679|DEBUG|MyLogger.Log|Start GET Category GetCategories
2019-07-22 18:32:14.8209|DEBUG|MyLogger.Log|End GET Category GetCategories
2019-07-22 18:33:12.3082|DEBUG|MyLogger.Log|Start GET Category GetCategories
2019-07-22 18:33:12.4512|DEBUG|MyLogger.Log|End GET Category GetCategories
2019-07-22 18:33:49.5973|DEBUG|MyLogger.Log|Start GET Category GetCategories
2019-07-22 18:33:53.3196|DEBUG|MyLogger.Log|End GET Category GetCategories
2019-07-22 18:34:32.1098|DEBUG|MyLogger.Log|Start GET Category GetCategories
2019-07-22 18:34:32.1098|DEBUG|MyLogger.Log|End GET Category GetCategories
2019-07-22 18:34:52.0429|DEBUG|MyLogger.Log|Start GET Category GetCategories
2019-07-22 18:34:53.6340|DEBUG|MyLogger.Log|End GET Category GetCategories
2019-07-22 18:35:01.5265|DEBUG|MyLogger.Log|Start GET Category GetCategories
2019-07-22 18:35:01.5465|DEBUG|MyLogger.Log|End GET Category GetCategories
2019-07-22 18:35:11.5480|DEBUG|MyLogger.Log|Start GET Article GetAllArticles
2019-07-22 18:35:12.0481|DEBUG|MyLogger.Log|End GET Article GetAllArticles
2019-07-22 18:35:16.0553|DEBUG|MyLogger.Log|Start GET Category GetCategories
2019-07-22 18:35:16.0553|DEBUG|MyLogger.Log|End GET Category GetCategories
2019-07-22 18:35:18.3164|DEBUG|MyLogger.Log|Start GET Category GetCategories
2019-07-22 18:35:18.3484|DEBUG|MyLogger.Log|End GET Category GetCategories
2019-07-22 18:35:22.4426|DEBUG|MyLogger.Log|Start GET Category GetCategories
2019-07-22 18:35:22.4726|DEBUG|MyLogger.Log|End GET Category GetCategories
2019-07-22 18:36:25.2572|DEBUG|MyLogger.Log|Start GET Category GetCategories
2019-07-22 18:36:25.5363|DEBUG|MyLogger.Log|End GET Category GetCategories
2019-07-22 18:36:27.0593|DEBUG|MyLogger.Log|Start GET Category GetCategories
2019-07-22 18:36:27.0633|DEBUG|MyLogger.Log|End GET Category GetCategories
2019-07-22 18:36:31.0126|DEBUG|MyLogger.Log|Start GET Category GetCategories
2019-07-22 18:36:31.0376|DEBUG|MyLogger.Log|End GET Category GetCategories
2019-07-22 18:36:32.7757|DEBUG|MyLogger.Log|Start GET Article GetAllArticles
2019-07-22 18:36:33.4307|DEBUG|MyLogger.Log|End GET Article GetAllArticles
2019-07-22 18:36:37.8100|DEBUG|MyLogger.Log|Start GET Category GetCategories
2019-07-22 18:36:37.8100|DEBUG|MyLogger.Log|End GET Category GetCategories
2019-07-22 18:36:39.1350|DEBUG|MyLogger.Log|Start GET Article GetAllArticles
2019-07-22 18:36:39.1550|DEBUG|MyLogger.Log|End GET Article GetAllArticles
2019-07-22 18:36:42.3292|DEBUG|MyLogger.Log|Start GET Article GetArticle
2019-07-22 18:36:42.4582|DEBUG|MyLogger.Log|End GET Article GetArticle
2019-07-22 18:36:42.5372|DEBUG|MyLogger.Log|Start GET Article GetShortArticles
2019-07-22 18:36:42.6092|DEBUG|MyLogger.Log|End GET Article GetShortArticles
2019-07-22 18:36:42.7892|DEBUG|MyLogger.Log|Start GET Category GetCategories
2019-07-22 18:36:42.7892|DEBUG|MyLogger.Log|End GET Category GetCategories
2019-07-22 18:37:44.3658|DEBUG|MyLogger.Log|Start GET Article GetArticle
2019-07-22 18:37:44.6188|DEBUG|MyLogger.Log|End GET Article GetArticle
2019-07-22 18:37:44.6658|DEBUG|MyLogger.Log|Start GET Article GetShortArticles
2019-07-22 18:37:44.6978|DEBUG|MyLogger.Log|End GET Article GetShortArticles
2019-07-22 18:37:44.6978|DEBUG|MyLogger.Log|Start GET Category GetCategories
2019-07-22 18:37:44.7498|DEBUG|MyLogger.Log|End GET Category GetCategories
2019-07-22 18:39:05.4504|DEBUG|MyLogger.Log|Start GET Article GetArticle
2019-07-22 18:39:05.7004|DEBUG|MyLogger.Log|End GET Article GetArticle
2019-07-22 18:39:05.8604|DEBUG|MyLogger.Log|Start GET Article GetShortArticles
2019-07-22 18:39:05.8964|DEBUG|MyLogger.Log|End GET Article GetShortArticles
2019-07-22 18:39:05.8964|DEBUG|MyLogger.Log|Start GET Category GetCategories
2019-07-22 18:39:05.9114|DEBUG|MyLogger.Log|End GET Category GetCategories
2019-07-22 18:39:45.6007|DEBUG|MyLogger.Log|Start GET Article GetArticle
2019-07-22 18:39:45.8327|DEBUG|MyLogger.Log|End GET Article GetArticle
2019-07-22 18:39:45.8547|DEBUG|MyLogger.Log|Start GET Article GetShortArticles
2019-07-22 18:39:45.8547|DEBUG|MyLogger.Log|Start GET Category GetCategories
2019-07-22 18:39:45.9307|DEBUG|MyLogger.Log|End GET Article GetShortArticles
2019-07-22 18:39:45.9647|DEBUG|MyLogger.Log|End GET Category GetCategories
2019-07-22 18:41:44.1595|DEBUG|MyLogger.Log|Start GET Article GetArticle
2019-07-22 18:41:44.4185|DEBUG|MyLogger.Log|End GET Article GetArticle
2019-07-22 18:41:44.4425|DEBUG|MyLogger.Log|Start GET Article GetShortArticles
2019-07-22 18:41:44.5115|DEBUG|MyLogger.Log|End GET Article GetShortArticles
2019-07-22 18:41:44.5115|DEBUG|MyLogger.Log|Start GET Category GetCategories
2019-07-22 18:41:44.5495|DEBUG|MyLogger.Log|End GET Category GetCategories
2019-07-22 18:42:55.2545|DEBUG|MyLogger.Log|Start GET Article GetArticle
2019-07-22 18:42:55.5026|DEBUG|MyLogger.Log|End GET Article GetArticle
2019-07-22 18:42:56.5276|DEBUG|MyLogger.Log|Start GET Article GetShortArticles
2019-07-22 18:42:56.5326|DEBUG|MyLogger.Log|End GET Article GetShortArticles
2019-07-22 18:42:56.9146|DEBUG|MyLogger.Log|Start GET Category GetCategories
2019-07-22 18:42:56.9146|DEBUG|MyLogger.Log|End GET Category GetCategories
2019-07-22 18:43:25.7723|DEBUG|MyLogger.Log|Start GET Article GetArticle
2019-07-22 18:43:25.7863|DEBUG|MyLogger.Log|End GET Article GetArticle
2019-07-22 18:43:25.8383|DEBUG|MyLogger.Log|Start GET Article GetShortArticles
2019-07-22 18:43:25.9093|DEBUG|MyLogger.Log|End GET Article GetShortArticles
2019-07-22 18:43:25.9093|DEBUG|MyLogger.Log|Start GET Category GetCategories
2019-07-22 18:43:25.9523|DEBUG|MyLogger.Log|End GET Category GetCategories
2019-07-22 18:43:30.1285|DEBUG|MyLogger.Log|Start GET Article GetArticle
2019-07-22 18:43:30.1385|DEBUG|MyLogger.Log|End GET Article GetArticle
2019-07-22 18:43:30.2345|DEBUG|MyLogger.Log|Start GET Article GetShortArticles
2019-07-22 18:43:30.3946|DEBUG|MyLogger.Log|End GET Article GetShortArticles
2019-07-22 18:43:30.4376|DEBUG|MyLogger.Log|Start GET Category GetCategories
2019-07-22 18:43:30.6296|DEBUG|MyLogger.Log|End GET Category GetCategories
2019-07-22 18:43:55.2650|DEBUG|MyLogger.Log|Start GET Article GetArticle
2019-07-22 18:43:55.4610|DEBUG|MyLogger.Log|End GET Article GetArticle
2019-07-22 18:43:55.5340|DEBUG|MyLogger.Log|Start GET Category GetCategories
2019-07-22 18:43:55.5550|DEBUG|MyLogger.Log|Start GET Article GetShortArticles
2019-07-22 18:43:55.5740|DEBUG|MyLogger.Log|End GET Article GetShortArticles
2019-07-22 18:43:55.5940|DEBUG|MyLogger.Log|End GET Category GetCategories
2019-07-22 18:44:17.3832|DEBUG|MyLogger.Log|Start GET Article GetArticle
2019-07-22 18:44:17.4112|DEBUG|MyLogger.Log|End GET Article GetArticle
2019-07-22 18:44:17.5723|DEBUG|MyLogger.Log|Start GET Article GetShortArticles
2019-07-22 18:44:17.7133|DEBUG|MyLogger.Log|Start GET Category GetCategories
2019-07-22 18:44:17.7563|DEBUG|MyLogger.Log|End GET Article GetShortArticles
2019-07-22 18:44:17.7943|DEBUG|MyLogger.Log|End GET Category GetCategories
2019-07-22 18:45:11.7754|DEBUG|MyLogger.Log|Start GET Article GetArticle
2019-07-22 18:45:12.6414|DEBUG|MyLogger.Log|End GET Article GetArticle
2019-07-22 18:45:12.7224|DEBUG|MyLogger.Log|Start GET Category GetCategories
2019-07-22 18:45:12.7724|DEBUG|MyLogger.Log|Start GET Article GetShortArticles
2019-07-22 18:45:12.7724|DEBUG|MyLogger.Log|End GET Category GetCategories
2019-07-22 18:45:12.9114|DEBUG|MyLogger.Log|End GET Article GetShortArticles
2019-07-22 18:46:17.7411|DEBUG|MyLogger.Log|Start GET Article GetArticle
2019-07-22 18:46:18.4712|DEBUG|MyLogger.Log|End GET Article GetArticle
2019-07-22 18:46:18.5512|DEBUG|MyLogger.Log|Start GET Article GetShortArticles
2019-07-22 18:46:18.6162|DEBUG|MyLogger.Log|End GET Article GetShortArticles
2019-07-22 18:46:18.6772|DEBUG|MyLogger.Log|Start GET Category GetCategories
2019-07-22 18:46:18.7132|DEBUG|MyLogger.Log|End GET Category GetCategories
2019-07-22 18:46:50.8170|DEBUG|MyLogger.Log|Start GET Article GetArticle
2019-07-22 18:46:51.7161|DEBUG|MyLogger.Log|End GET Article GetArticle
2019-07-22 18:46:51.8911|DEBUG|MyLogger.Log|Start GET Category GetCategories
2019-07-22 18:46:51.9111|DEBUG|MyLogger.Log|Start GET Article GetShortArticles
2019-07-22 18:46:52.2141|DEBUG|MyLogger.Log|End GET Category GetCategories
2019-07-22 18:46:52.2391|DEBUG|MyLogger.Log|End GET Article GetShortArticles
2019-07-22 18:47:19.6297|DEBUG|MyLogger.Log|Start GET Article GetArticle
2019-07-22 18:47:19.8387|DEBUG|MyLogger.Log|End GET Article GetArticle
2019-07-22 18:47:19.8977|DEBUG|MyLogger.Log|Start GET Article GetShortArticles
2019-07-22 18:47:19.9947|DEBUG|MyLogger.Log|Start GET Category GetCategories
2019-07-22 18:47:19.9947|DEBUG|MyLogger.Log|End GET Article GetShortArticles
2019-07-22 18:47:20.0087|DEBUG|MyLogger.Log|End GET Category GetCategories
2019-07-22 18:48:09.4595|DEBUG|MyLogger.Log|Start GET Article GetArticle
2019-07-22 18:48:09.7445|DEBUG|MyLogger.Log|End GET Article GetArticle
2019-07-22 18:48:09.8025|DEBUG|MyLogger.Log|Start GET Article GetShortArticles
2019-07-22 18:48:09.8395|DEBUG|MyLogger.Log|End GET Article GetShortArticles
2019-07-22 18:48:09.8485|DEBUG|MyLogger.Log|Start GET Category GetCategories
2019-07-22 18:48:09.8615|DEBUG|MyLogger.Log|End GET Category GetCategories
2019-07-22 18:48:28.5946|DEBUG|MyLogger.Log|Start GET Article GetArticle
2019-07-22 18:48:28.6576|DEBUG|MyLogger.Log|End GET Article GetArticle
2019-07-22 18:48:28.8056|DEBUG|MyLogger.Log|Start GET Article GetShortArticles
2019-07-22 18:48:29.1056|DEBUG|MyLogger.Log|End GET Article GetShortArticles
2019-07-22 18:48:29.1056|DEBUG|MyLogger.Log|Start GET Category GetCategories
2019-07-22 18:48:29.1156|DEBUG|MyLogger.Log|End GET Category GetCategories
2019-07-22 18:48:41.5784|DEBUG|MyLogger.Log|Start GET Article GetArticle
2019-07-22 18:48:41.6014|DEBUG|MyLogger.Log|End GET Article GetArticle
2019-07-22 18:48:41.7224|DEBUG|MyLogger.Log|Start GET Article GetShortArticles
2019-07-22 18:48:41.7624|DEBUG|MyLogger.Log|Start GET Category GetCategories
2019-07-22 18:48:41.7624|DEBUG|MyLogger.Log|End GET Article GetShortArticles
2019-07-22 18:48:41.8714|DEBUG|MyLogger.Log|End GET Category GetCategories
2019-07-22 18:49:13.6032|DEBUG|MyLogger.Log|Start GET Article GetArticle
2019-07-22 18:49:13.8222|DEBUG|MyLogger.Log|End GET Article GetArticle
2019-07-22 18:49:13.8542|DEBUG|MyLogger.Log|Start GET Article GetShortArticles
2019-07-22 18:49:13.9752|DEBUG|MyLogger.Log|End GET Article GetShortArticles
2019-07-22 18:49:13.9802|DEBUG|MyLogger.Log|Start GET Category GetCategories
2019-07-22 18:49:13.9932|DEBUG|MyLogger.Log|End GET Category GetCategories
2019-07-22 18:49:37.7976|DEBUG|MyLogger.Log|Start GET Article GetArticle
2019-07-22 18:49:37.8306|DEBUG|MyLogger.Log|End GET Article GetArticle
2019-07-22 18:49:37.9156|DEBUG|MyLogger.Log|Start GET Article GetShortArticles
2019-07-22 18:49:38.0606|DEBUG|MyLogger.Log|End GET Article GetShortArticles
2019-07-22 18:49:38.0686|DEBUG|MyLogger.Log|Start GET Category GetCategories
2019-07-22 18:49:38.0956|DEBUG|MyLogger.Log|End GET Category GetCategories
2019-07-22 18:49:56.5786|DEBUG|MyLogger.Log|Start GET Article GetArticle
2019-07-22 18:49:56.6516|DEBUG|MyLogger.Log|End GET Article GetArticle
2019-07-22 18:49:56.7567|DEBUG|MyLogger.Log|Start GET Article GetShortArticles
2019-07-22 18:49:56.7877|DEBUG|MyLogger.Log|End GET Article GetShortArticles
2019-07-22 18:49:56.7877|DEBUG|MyLogger.Log|Start GET Category GetCategories
2019-07-22 18:49:56.8207|DEBUG|MyLogger.Log|End GET Category GetCategories
2019-07-22 18:50:10.9365|DEBUG|MyLogger.Log|Start GET Article GetArticle
2019-07-22 18:50:11.0555|DEBUG|MyLogger.Log|End GET Article GetArticle
2019-07-22 18:50:11.1115|DEBUG|MyLogger.Log|Start GET Article GetShortArticles
2019-07-22 18:50:11.1115|DEBUG|MyLogger.Log|Start GET Category GetCategories
2019-07-22 18:50:11.1555|DEBUG|MyLogger.Log|End GET Article GetShortArticles
2019-07-22 18:50:11.1555|DEBUG|MyLogger.Log|End GET Category GetCategories
2019-07-22 18:50:38.3480|DEBUG|MyLogger.Log|Start GET Article GetArticle
2019-07-22 18:50:38.4790|DEBUG|MyLogger.Log|End GET Article GetArticle
2019-07-22 18:50:38.5500|DEBUG|MyLogger.Log|Start GET Article GetShortArticles
2019-07-22 18:50:38.5500|DEBUG|MyLogger.Log|Start GET Category GetCategories
2019-07-22 18:50:38.6271|DEBUG|MyLogger.Log|End GET Article GetShortArticles
2019-07-22 18:50:38.6271|DEBUG|MyLogger.Log|End GET Category GetCategories
2019-07-22 18:50:50.1957|DEBUG|MyLogger.Log|Start GET Article GetArticle
2019-07-22 18:50:50.2537|DEBUG|MyLogger.Log|End GET Article GetArticle
2019-07-22 18:50:50.3267|DEBUG|MyLogger.Log|Start GET Article GetShortArticles
2019-07-22 18:50:50.3267|DEBUG|MyLogger.Log|End GET Article GetShortArticles
2019-07-22 18:50:50.3717|DEBUG|MyLogger.Log|Start GET Category GetCategories
2019-07-22 18:50:50.4217|DEBUG|MyLogger.Log|End GET Category GetCategories
2019-07-22 18:51:23.8906|DEBUG|MyLogger.Log|Start GET Article GetArticle
2019-07-22 18:51:24.1197|DEBUG|MyLogger.Log|End GET Article GetArticle
2019-07-22 18:51:24.1557|DEBUG|MyLogger.Log|Start GET Category GetCategories
2019-07-22 18:51:24.1597|DEBUG|MyLogger.Log|Start GET Article GetShortArticles
2019-07-22 18:51:24.1817|DEBUG|MyLogger.Log|End GET Article GetShortArticles
2019-07-22 18:51:24.2547|DEBUG|MyLogger.Log|End GET Category GetCategories
2019-07-22 18:51:38.7425|DEBUG|MyLogger.Log|Start GET Article GetArticle
2019-07-22 18:51:38.8185|DEBUG|MyLogger.Log|End GET Article GetArticle
2019-07-22 18:51:38.9505|DEBUG|MyLogger.Log|Start GET Category GetCategories
2019-07-22 18:51:39.0025|DEBUG|MyLogger.Log|End GET Category GetCategories
2019-07-22 18:51:39.0025|DEBUG|MyLogger.Log|Start GET Article GetShortArticles
2019-07-22 18:51:39.0605|DEBUG|MyLogger.Log|End GET Article GetShortArticles
2019-07-22 18:52:06.7281|DEBUG|MyLogger.Log|Start GET Article GetArticle
2019-07-22 18:52:06.9001|DEBUG|MyLogger.Log|End GET Article GetArticle
2019-07-22 18:52:07.0931|DEBUG|MyLogger.Log|Start GET Category GetCategories
2019-07-22 18:52:07.2411|DEBUG|MyLogger.Log|End GET Category GetCategories
2019-07-22 18:52:07.2471|DEBUG|MyLogger.Log|Start GET Article GetShortArticles
2019-07-22 18:52:07.2831|DEBUG|MyLogger.Log|End GET Article GetShortArticles
2019-07-22 18:52:25.7112|DEBUG|MyLogger.Log|Start GET Category GetCategories
2019-07-22 18:52:25.8262|DEBUG|MyLogger.Log|End GET Category GetCategories
2019-07-22 18:52:27.7033|DEBUG|MyLogger.Log|Start GET Article GetAllArticles
2019-07-22 18:52:27.7903|DEBUG|MyLogger.Log|End GET Article GetAllArticles
2019-07-22 18:52:28.9594|DEBUG|MyLogger.Log|Start GET Category GetCategories
2019-07-22 18:52:28.9594|DEBUG|MyLogger.Log|End GET Category GetCategories
2019-07-22 18:53:19.2652|DEBUG|MyLogger.Log|Start GET Category GetCategories
2019-07-22 18:53:19.3742|DEBUG|MyLogger.Log|End GET Category GetCategories
2019-07-22 18:53:22.4534|DEBUG|MyLogger.Log|Start GET Category GetCategories
2019-07-22 18:53:22.5644|DEBUG|MyLogger.Log|End GET Category GetCategories
2019-07-22 18:53:25.5026|DEBUG|MyLogger.Log|Start GET Article GetAllArticles
2019-07-22 18:53:27.8367|DEBUG|MyLogger.Log|End GET Article GetAllArticles
2019-07-22 18:53:30.9129|DEBUG|MyLogger.Log|Start GET Article GetArticle
2019-07-22 18:53:30.9399|DEBUG|MyLogger.Log|End GET Article GetArticle
2019-07-22 18:53:31.0089|DEBUG|MyLogger.Log|Start GET Article GetShortArticles
2019-07-22 18:53:31.0189|DEBUG|MyLogger.Log|End GET Article GetShortArticles
2019-07-22 18:53:31.0389|DEBUG|MyLogger.Log|Start GET Category GetCategories
2019-07-22 18:53:31.0389|DEBUG|MyLogger.Log|End GET Category GetCategories
2019-07-22 18:54:32.8034|DEBUG|MyLogger.Log|Start GET Article GetArticle
2019-07-22 18:54:33.8075|DEBUG|MyLogger.Log|End GET Article GetArticle
2019-07-22 18:54:33.8525|DEBUG|MyLogger.Log|Start GET Article GetShortArticles
2019-07-22 18:54:33.8885|DEBUG|MyLogger.Log|End GET Article GetShortArticles
2019-07-22 18:54:33.8885|DEBUG|MyLogger.Log|Start GET Category GetCategories
2019-07-22 18:54:33.9175|DEBUG|MyLogger.Log|End GET Category GetCategories
2019-07-22 18:55:27.0925|DEBUG|MyLogger.Log|Start GET Article GetArticle
2019-07-22 18:55:27.1166|DEBUG|MyLogger.Log|End GET Article GetArticle
2019-07-22 18:55:27.3996|DEBUG|MyLogger.Log|Start GET Category GetCategories
2019-07-22 18:55:27.4696|DEBUG|MyLogger.Log|End GET Category GetCategories
2019-07-22 18:55:27.4696|DEBUG|MyLogger.Log|Start GET Article GetShortArticles
2019-07-22 18:55:27.4866|DEBUG|MyLogger.Log|End GET Article GetShortArticles
2019-07-22 18:55:30.3427|DEBUG|MyLogger.Log|Start GET Article GetArticle
2019-07-22 18:55:30.3857|DEBUG|MyLogger.Log|End GET Article GetArticle
2019-07-22 18:55:30.6198|DEBUG|MyLogger.Log|Start GET Category GetCategories
2019-07-22 18:55:30.6198|DEBUG|MyLogger.Log|Start GET Article GetShortArticles
2019-07-22 18:55:30.6198|DEBUG|MyLogger.Log|End GET Category GetCategories
2019-07-22 18:55:30.6258|DEBUG|MyLogger.Log|End GET Article GetShortArticles
2019-07-22 18:56:12.6202|DEBUG|MyLogger.Log|Start GET Article GetArticle
2019-07-22 18:56:13.0572|DEBUG|MyLogger.Log|End GET Article GetArticle
2019-07-22 18:56:13.0902|DEBUG|MyLogger.Log|Start GET Article GetShortArticles
2019-07-22 18:56:13.0902|DEBUG|MyLogger.Log|Start GET Category GetCategories
2019-07-22 18:56:13.1302|DEBUG|MyLogger.Log|End GET Article GetShortArticles
2019-07-22 18:56:13.1302|DEBUG|MyLogger.Log|End GET Category GetCategories
2019-07-22 18:56:19.7576|DEBUG|MyLogger.Log|Start GET Article GetArticle
2019-07-22 18:56:19.9376|DEBUG|MyLogger.Log|End GET Article GetArticle
2019-07-22 18:56:19.9866|DEBUG|MyLogger.Log|Start GET Article GetShortArticles
2019-07-22 18:56:19.9866|DEBUG|MyLogger.Log|Start GET Category GetCategories
2019-07-22 18:56:19.9866|DEBUG|MyLogger.Log|End GET Category GetCategories
2019-07-22 18:56:19.9866|DEBUG|MyLogger.Log|End GET Article GetShortArticles
2019-07-22 18:58:09.4708|DEBUG|MyLogger.Log|Start GET Article GetAllArticles
2019-07-22 18:58:09.9429|DEBUG|MyLogger.Log|End GET Article GetAllArticles
2019-07-22 18:58:16.5432|DEBUG|MyLogger.Log|Start GET Article GetArticle
2019-07-22 18:58:16.5582|DEBUG|MyLogger.Log|End GET Article GetArticle
2019-07-22 18:58:16.6432|DEBUG|MyLogger.Log|Start GET Article GetShortArticles
2019-07-22 18:58:16.6712|DEBUG|MyLogger.Log|End GET Article GetShortArticles
2019-07-22 18:58:16.6742|DEBUG|MyLogger.Log|Start GET Category GetCategories
2019-07-22 18:58:16.6742|DEBUG|MyLogger.Log|End GET Category GetCategories
2019-07-22 19:00:22.1714|DEBUG|MyLogger.Log|Start GET Article GetArticle
2019-07-22 19:00:22.3774|DEBUG|MyLogger.Log|End GET Article GetArticle
2019-07-22 19:00:22.4684|DEBUG|MyLogger.Log|Start GET Category GetCategories
2019-07-22 19:00:22.4974|DEBUG|MyLogger.Log|End GET Category GetCategories
2019-07-22 19:00:22.5254|DEBUG|MyLogger.Log|Start GET Article GetShortArticles
2019-07-22 19:00:22.5254|DEBUG|MyLogger.Log|End GET Article GetShortArticles
2019-07-22 19:00:27.9068|DEBUG|MyLogger.Log|Start GET Article GetAllArticles
2019-07-22 19:00:27.9068|DEBUG|MyLogger.Log|End GET Article GetAllArticles
2019-07-22 19:00:31.0129|DEBUG|MyLogger.Log|Start GET Article GetArticle
2019-07-22 19:00:31.0229|DEBUG|MyLogger.Log|End GET Article GetArticle
2019-07-22 19:00:31.1469|DEBUG|MyLogger.Log|Start GET Article GetShortArticles
2019-07-22 19:00:31.1469|DEBUG|MyLogger.Log|Start GET Category GetCategories
2019-07-22 19:00:31.1469|DEBUG|MyLogger.Log|End GET Article GetShortArticles
2019-07-22 19:00:31.1609|DEBUG|MyLogger.Log|End GET Category GetCategories
2019-07-22 19:00:37.1803|DEBUG|MyLogger.Log|Start GET Article GetAllArticles
2019-07-22 19:00:37.2543|DEBUG|MyLogger.Log|End GET Article GetAllArticles
2019-07-22 19:02:12.5837|DEBUG|MyLogger.Log|Start GET Article GetAllArticles
2019-07-22 19:02:13.9508|DEBUG|MyLogger.Log|End GET Article GetAllArticles
2019-07-22 19:02:15.1179|DEBUG|MyLogger.Log|Start GET Article GetArticle
2019-07-22 19:02:15.3819|DEBUG|MyLogger.Log|End GET Article GetArticle
2019-07-22 19:02:15.4189|DEBUG|MyLogger.Log|Start GET Category GetCategories
2019-07-22 19:02:15.4189|DEBUG|MyLogger.Log|Start GET Article GetShortArticles
2019-07-22 19:02:15.4409|DEBUG|MyLogger.Log|End GET Category GetCategories
2019-07-22 19:02:15.7129|DEBUG|MyLogger.Log|End GET Article GetShortArticles
2019-07-22 19:02:56.8153|DEBUG|MyLogger.Log|Start GET Category GetCategories
2019-07-22 19:02:56.8323|DEBUG|MyLogger.Log|End GET Category GetCategories
2019-07-22 19:03:00.4265|DEBUG|MyLogger.Log|Start GET Article GetAllArticles
2019-07-22 19:03:00.4445|DEBUG|MyLogger.Log|End GET Article GetAllArticles
2019-07-22 19:03:07.0649|DEBUG|MyLogger.Log|Start GET Article GetArticle
2019-07-22 19:03:07.0759|DEBUG|MyLogger.Log|End GET Article GetArticle
2019-07-22 19:03:07.2489|DEBUG|MyLogger.Log|Start GET Article GetShortArticles
2019-07-22 19:03:07.2489|DEBUG|MyLogger.Log|Start GET Category GetCategories
2019-07-22 19:03:07.2489|DEBUG|MyLogger.Log|End GET Article GetShortArticles
2019-07-22 19:03:07.2609|DEBUG|MyLogger.Log|End GET Category GetCategories
2019-07-22 19:03:07.2769|DEBUG|MyLogger.Log|Start GET Category GetCategories
2019-07-22 19:03:07.2769|DEBUG|MyLogger.Log|End GET Category GetCategories
2019-07-22 19:03:47.7902|DEBUG|MyLogger.Log|Start GET Article GetAllArticles
2019-07-22 19:03:48.1482|DEBUG|MyLogger.Log|End GET Article GetAllArticles
2019-07-22 19:03:50.1783|DEBUG|MyLogger.Log|Start GET Article GetArticle
2019-07-22 19:03:50.1893|DEBUG|MyLogger.Log|End GET Article GetArticle
2019-07-22 19:03:50.2123|DEBUG|MyLogger.Log|Start GET Article GetShortArticles
2019-07-22 19:03:50.2443|DEBUG|MyLogger.Log|End GET Article GetShortArticles
2019-07-22 19:03:50.2623|DEBUG|MyLogger.Log|Start GET Category GetCategories
2019-07-22 19:03:50.2923|DEBUG|MyLogger.Log|End GET Category GetCategories
2019-07-22 19:03:50.3083|DEBUG|MyLogger.Log|Start GET Category GetCategories
2019-07-22 19:03:50.3133|DEBUG|MyLogger.Log|End GET Category GetCategories
2019-07-22 19:04:57.4622|DEBUG|MyLogger.Log|Start GET Article GetAllArticles
2019-07-22 19:04:57.5642|DEBUG|MyLogger.Log|End GET Article GetAllArticles
2019-07-22 19:05:00.9434|DEBUG|MyLogger.Log|Start GET Article GetArticle
2019-07-22 19:05:00.9554|DEBUG|MyLogger.Log|End GET Article GetArticle
2019-07-22 19:05:01.0194|DEBUG|MyLogger.Log|Start GET Article GetShortArticles
2019-07-22 19:05:01.0194|DEBUG|MyLogger.Log|End GET Article GetShortArticles
2019-07-22 19:05:01.0274|DEBUG|MyLogger.Log|Start GET Category GetCategories
2019-07-22 19:05:01.0504|DEBUG|MyLogger.Log|End GET Category GetCategories
2019-07-22 19:05:11.7900|DEBUG|MyLogger.Log|Start GET Category GetCategories
2019-07-22 19:05:11.7930|DEBUG|MyLogger.Log|End GET Category GetCategories
2019-07-22 19:05:15.9102|DEBUG|MyLogger.Log|Start GET Article GetAllArticles
2019-07-22 19:05:15.9312|DEBUG|MyLogger.Log|End GET Article GetAllArticles
2019-07-22 19:05:17.6343|DEBUG|MyLogger.Log|Start GET Article GetArticle
2019-07-22 19:05:17.6493|DEBUG|MyLogger.Log|End GET Article GetArticle
2019-07-22 19:05:17.7023|DEBUG|MyLogger.Log|Start GET Article GetShortArticles
2019-07-22 19:05:17.7193|DEBUG|MyLogger.Log|End GET Article GetShortArticles
2019-07-22 19:05:17.7193|DEBUG|MyLogger.Log|Start GET Category GetCategories
2019-07-22 19:05:17.7193|DEBUG|MyLogger.Log|End GET Category GetCategories
2019-07-22 19:05:17.7553|DEBUG|MyLogger.Log|Start GET Category GetCategories
2019-07-22 19:05:17.7553|DEBUG|MyLogger.Log|End GET Category GetCategories
2019-07-22 19:06:01.5728|DEBUG|MyLogger.Log|Start GET Category GetCategories
2019-07-22 19:06:01.6978|DEBUG|MyLogger.Log|End GET Category GetCategories
2019-07-22 19:06:05.4061|DEBUG|MyLogger.Log|Start GET Article GetAllArticles
2019-07-22 19:06:05.6631|DEBUG|MyLogger.Log|End GET Article GetAllArticles
2019-07-22 19:06:06.6991|DEBUG|MyLogger.Log|Start GET Article GetArticle
2019-07-22 19:06:06.7051|DEBUG|MyLogger.Log|End GET Article GetArticle
2019-07-22 19:06:06.7371|DEBUG|MyLogger.Log|Start GET Article GetShortArticles
2019-07-22 19:06:06.7371|DEBUG|MyLogger.Log|Start GET Category GetCategories
2019-07-22 19:06:06.7591|DEBUG|MyLogger.Log|End GET Category GetCategories
2019-07-22 19:06:06.7591|DEBUG|MyLogger.Log|End GET Article GetShortArticles
2019-07-22 19:06:06.7831|DEBUG|MyLogger.Log|Start GET Category GetCategories
2019-07-22 19:06:06.7831|DEBUG|MyLogger.Log|End GET Category GetCategories
2019-07-22 19:07:21.4124|DEBUG|MyLogger.Log|Start GET Article GetAllArticles
2019-07-22 19:07:21.6274|DEBUG|MyLogger.Log|End GET Article GetAllArticles
2019-07-22 19:07:23.5375|DEBUG|MyLogger.Log|Start GET Article GetArticle
2019-07-22 19:07:23.5555|DEBUG|MyLogger.Log|End GET Article GetArticle
2019-07-22 19:07:23.6065|DEBUG|MyLogger.Log|Start GET Category GetCategories
2019-07-22 19:07:23.6195|DEBUG|MyLogger.Log|End GET Category GetCategories
2019-07-22 19:07:23.6295|DEBUG|MyLogger.Log|Start GET Article GetShortArticles
2019-07-22 19:07:23.6915|DEBUG|MyLogger.Log|Start GET Category GetCategories
2019-07-22 19:07:23.6915|DEBUG|MyLogger.Log|End GET Article GetShortArticles
2019-07-22 19:07:23.6915|DEBUG|MyLogger.Log|End GET Category GetCategories
2019-07-22 19:17:49.5033|DEBUG|MyLogger.Log|Start GET Article GetAllArticles
2019-07-22 19:17:51.3894|DEBUG|MyLogger.Log|End GET Article GetAllArticles
2019-07-22 19:18:17.2719|DEBUG|MyLogger.Log|Start GET Article GetAllArticles
2019-07-22 19:18:17.2719|DEBUG|MyLogger.Log|End GET Article GetAllArticles
2019-07-22 19:18:19.7161|DEBUG|MyLogger.Log|Start GET Article GetArticle
2019-07-22 19:18:19.7731|DEBUG|MyLogger.Log|End GET Article GetArticle
2019-07-22 19:18:19.8161|DEBUG|MyLogger.Log|Start GET Category GetCategories
2019-07-22 19:18:19.8161|DEBUG|MyLogger.Log|Start GET Article GetShortArticles
2019-07-22 19:18:19.8161|DEBUG|MyLogger.Log|End GET Category GetCategories
2019-07-22 19:18:19.8471|DEBUG|MyLogger.Log|End GET Article GetShortArticles
2019-07-22 19:18:29.7876|DEBUG|MyLogger.Log|Start GET Category GetCategories
2019-07-22 19:18:29.8236|DEBUG|MyLogger.Log|End GET Category GetCategories
2019-07-22 19:19:07.1918|DEBUG|MyLogger.Log|Start GET Article GetAllArticles
2019-07-22 19:19:07.9418|DEBUG|MyLogger.Log|End GET Article GetAllArticles
2019-07-22 19:19:09.1569|DEBUG|MyLogger.Log|Start GET Article GetArticle
2019-07-22 19:19:09.1709|DEBUG|MyLogger.Log|End GET Article GetArticle
2019-07-22 19:19:09.1989|DEBUG|MyLogger.Log|Start GET Article GetShortArticles
2019-07-22 19:19:09.2289|DEBUG|MyLogger.Log|End GET Article GetShortArticles
2019-07-22 19:19:09.2289|DEBUG|MyLogger.Log|Start GET Category GetCategories
2019-07-22 19:19:09.2489|DEBUG|MyLogger.Log|End GET Category GetCategories
2019-07-22 19:19:09.2629|DEBUG|MyLogger.Log|Start GET Category GetCategories
2019-07-22 19:19:09.2629|DEBUG|MyLogger.Log|End GET Category GetCategories
2019-07-22 19:20:08.8343|DEBUG|MyLogger.Log|Start GET Category GetCategories
2019-07-22 19:20:10.6344|DEBUG|MyLogger.Log|End GET Category GetCategories
2019-07-22 19:21:05.0985|DEBUG|MyLogger.Log|Start GET Category GetCategories
2019-07-22 19:21:05.3245|DEBUG|MyLogger.Log|End GET Category GetCategories
2019-07-22 19:21:06.2376|DEBUG|MyLogger.Log|Start GET Article GetAllArticles
2019-07-22 19:21:06.3596|DEBUG|MyLogger.Log|End GET Article GetAllArticles
2019-07-22 19:21:07.3306|DEBUG|MyLogger.Log|Start GET Article GetArticle
2019-07-22 19:21:07.3306|DEBUG|MyLogger.Log|End GET Article GetArticle
2019-07-22 19:21:07.3816|DEBUG|MyLogger.Log|Start GET Article GetShortArticles
2019-07-22 19:21:07.4277|DEBUG|MyLogger.Log|End GET Article GetShortArticles
2019-07-22 19:21:07.4277|DEBUG|MyLogger.Log|Start GET Category GetCategories
2019-07-22 19:21:07.4277|DEBUG|MyLogger.Log|End GET Category GetCategories
2019-07-22 19:21:39.8055|DEBUG|MyLogger.Log|Start GET Article GetArticle
2019-07-22 19:21:40.1265|DEBUG|MyLogger.Log|End GET Article GetArticle
2019-07-22 19:21:40.3225|DEBUG|MyLogger.Log|Start GET Article GetShortArticles
2019-07-22 19:21:40.3225|DEBUG|MyLogger.Log|Start GET Category GetCategories
2019-07-22 19:21:40.4285|DEBUG|MyLogger.Log|End GET Category GetCategories
2019-07-22 19:21:40.4285|DEBUG|MyLogger.Log|End GET Article GetShortArticles
2019-07-22 19:22:15.1575|DEBUG|MyLogger.Log|Start GET Article GetArticle
2019-07-22 19:22:16.3576|DEBUG|MyLogger.Log|End GET Article GetArticle
2019-07-22 19:22:16.5496|DEBUG|MyLogger.Log|Start GET Article GetShortArticles
2019-07-22 19:22:16.5496|DEBUG|MyLogger.Log|Start GET Category GetCategories
2019-07-22 19:22:16.9916|DEBUG|MyLogger.Log|End GET Category GetCategories
2019-07-22 19:22:16.9916|DEBUG|MyLogger.Log|End GET Article GetShortArticles
2019-07-22 19:22:19.6998|DEBUG|MyLogger.Log|Start GET Article GetArticle
2019-07-22 19:22:19.8378|DEBUG|MyLogger.Log|End GET Article GetArticle
2019-07-22 19:22:20.1548|DEBUG|MyLogger.Log|Start GET Category GetCategories
2019-07-22 19:22:20.1548|DEBUG|MyLogger.Log|Start GET Article GetShortArticles
2019-07-22 19:22:20.2618|DEBUG|MyLogger.Log|End GET Article GetShortArticles
2019-07-22 19:22:21.0229|DEBUG|MyLogger.Log|End GET Category GetCategories
2019-07-22 19:22:27.8683|DEBUG|MyLogger.Log|Start GET Article GetAllArticles
2019-07-22 19:22:28.7213|DEBUG|MyLogger.Log|End GET Article GetAllArticles
2019-07-22 19:22:29.1313|DEBUG|MyLogger.Log|Start GET Category GetCategories
2019-07-22 19:22:29.1353|DEBUG|MyLogger.Log|End GET Category GetCategories
2019-07-22 19:22:32.2115|DEBUG|MyLogger.Log|Start GET Article GetArticlesOfCategory
2019-07-22 19:22:33.1266|DEBUG|MyLogger.Log|End GET Article GetArticlesOfCategory
2019-07-22 19:22:35.0067|DEBUG|MyLogger.Log|Start GET Article GetArticle
2019-07-22 19:22:35.0797|DEBUG|MyLogger.Log|End GET Article GetArticle
2019-07-22 19:22:35.2177|DEBUG|MyLogger.Log|Start GET Article GetShortArticles
2019-07-22 19:22:35.2177|DEBUG|MyLogger.Log|Start GET Category GetCategories
2019-07-22 19:22:35.2727|DEBUG|MyLogger.Log|End GET Category GetCategories
2019-07-22 19:22:35.2887|DEBUG|MyLogger.Log|End GET Article GetShortArticles
2019-07-22 19:22:37.1168|DEBUG|MyLogger.Log|Start GET Category GetCategories
2019-07-22 19:22:37.1168|DEBUG|MyLogger.Log|End GET Category GetCategories
2019-07-22 19:22:38.6509|DEBUG|MyLogger.Log|Start GET Article GetArticlesOfCategory
2019-07-22 19:22:38.6639|DEBUG|MyLogger.Log|End GET Article GetArticlesOfCategory
2019-07-22 19:22:40.3350|DEBUG|MyLogger.Log|Start GET Article GetArticle
2019-07-22 19:22:40.3800|DEBUG|MyLogger.Log|End GET Article GetArticle
2019-07-22 19:22:40.4230|DEBUG|MyLogger.Log|Start GET Article GetShortArticles
2019-07-22 19:22:40.4530|DEBUG|MyLogger.Log|End GET Article GetShortArticles
2019-07-22 19:22:40.4530|DEBUG|MyLogger.Log|Start GET Category GetCategories
2019-07-22 19:22:40.4640|DEBUG|MyLogger.Log|End GET Category GetCategories
2019-07-22 19:22:45.2522|DEBUG|MyLogger.Log|Start GET Article GetArticlesOfCategory
2019-07-22 19:22:45.2692|DEBUG|MyLogger.Log|End GET Article GetArticlesOfCategory
2019-07-22 19:25:10.9816|DEBUG|MyLogger.Log|Start GET Article GetArticlesOfCategory
2019-07-22 19:25:12.2767|DEBUG|MyLogger.Log|End GET Article GetArticlesOfCategory
2019-07-22 19:25:21.5422|DEBUG|MyLogger.Log|Start GET Category GetCategories
2019-07-22 19:25:21.6082|DEBUG|MyLogger.Log|End GET Category GetCategories
2019-07-22 19:25:23.5833|DEBUG|MyLogger.Log|Start GET Article GetArticlesOfCategory
2019-07-22 19:25:23.5973|DEBUG|MyLogger.Log|End GET Article GetArticlesOfCategory
2019-07-22 19:25:54.1641|DEBUG|MyLogger.Log|Start GET Article GetArticlesOfCategory
2019-07-22 19:25:54.3471|DEBUG|MyLogger.Log|End GET Article GetArticlesOfCategory
2019-07-22 19:25:56.3262|DEBUG|MyLogger.Log|Start GET Article GetAllArticles
2019-07-22 19:25:56.3382|DEBUG|MyLogger.Log|End GET Article GetAllArticles
2019-07-22 19:25:58.4133|DEBUG|MyLogger.Log|Start GET Category GetCategories
2019-07-22 19:25:58.4133|DEBUG|MyLogger.Log|End GET Category GetCategories
2019-07-22 19:26:00.3054|DEBUG|MyLogger.Log|Start GET Article GetArticlesOfCategory
2019-07-22 19:26:00.3054|DEBUG|MyLogger.Log|End GET Article GetArticlesOfCategory
2019-07-22 19:26:05.4807|DEBUG|MyLogger.Log|Start GET Article GetAllArticles
2019-07-22 19:26:05.4977|DEBUG|MyLogger.Log|End GET Article GetAllArticles
2019-07-22 19:26:17.9994|DEBUG|MyLogger.Log|Start GET Article GetAllArticles
2019-07-22 19:26:18.4144|DEBUG|MyLogger.Log|End GET Article GetAllArticles
2019-07-22 19:26:27.2769|DEBUG|MyLogger.Log|Start GET Category GetCategories
2019-07-22 19:26:27.3009|DEBUG|MyLogger.Log|End GET Category GetCategories
2019-07-22 19:26:28.1450|DEBUG|MyLogger.Log|Start GET Article GetAllArticles
2019-07-22 19:26:28.1450|DEBUG|MyLogger.Log|End GET Article GetAllArticles
