2019-07-20 11:56:23.0491|DEBUG|MyLogger.Log|Start GET GetId
2019-07-20 11:56:23.4131|DEBUG|MyLogger.Log|End GET GetId
2019-07-20 12:24:27.7374|DEBUG|MyLogger.Log|Start GET GetName
2019-07-20 12:25:14.6251|DEBUG|MyLogger.Log|End GET GetName
2019-07-20 13:24:35.2368|DEBUG|MyLogger.Log|Start GET GetCategories
2019-07-20 13:24:38.6730|DEBUG|MyLogger.Log|End GET GetCategories
2019-07-20 13:25:56.8724|DEBUG|MyLogger.Log|Start GET GetCategories
2019-07-20 13:25:56.9435|DEBUG|MyLogger.Log|End GET GetCategories
2019-07-20 13:30:01.7795|DEBUG|MyLogger.Log|Start GET GetCategories
2019-07-20 13:30:02.2405|DEBUG|MyLogger.Log|End GET GetCategories
2019-07-20 13:49:32.7934|DEBUG|MyLogger.Log|Start GET GetCategories
2019-07-20 13:50:52.3120|DEBUG|MyLogger.Log|End GET GetCategories
2019-07-20 14:35:45.9130|DEBUG|MyLogger.Log|Start GET GetAllArticles
2019-07-20 14:35:46.2791|DEBUG|MyLogger.Log|End GET GetAllArticles
2019-07-20 14:35:54.5745|DEBUG|MyLogger.Log|Start GET GetArticle
2019-07-20 14:35:54.9236|DEBUG|MyLogger.Log|End GET GetArticle
2019-07-20 14:35:55.8856|DEBUG|MyLogger.Log|Start GET GetShortArticles
2019-07-20 14:35:55.9036|DEBUG|MyLogger.Log|End GET GetShortArticles
2019-07-20 14:35:56.0146|DEBUG|MyLogger.Log|Start GET GetCategories
2019-07-20 14:35:56.0146|DEBUG|MyLogger.Log|End GET GetCategories
2019-07-20 14:36:14.8387|DEBUG|MyLogger.Log|Start GET GetAllArticles
2019-07-20 14:36:14.8607|DEBUG|MyLogger.Log|End GET GetAllArticles
2019-07-20 14:36:17.6559|DEBUG|MyLogger.Log|Start GET GetArticle
2019-07-20 14:36:17.6889|DEBUG|MyLogger.Log|End GET GetArticle
2019-07-20 14:36:17.7099|DEBUG|MyLogger.Log|Start GET GetShortArticles
2019-07-20 14:36:17.7099|DEBUG|MyLogger.Log|End GET GetShortArticles
2019-07-20 14:36:17.7239|DEBUG|MyLogger.Log|Start GET GetCategories
2019-07-20 14:36:17.7569|DEBUG|MyLogger.Log|End GET GetCategories
2019-07-20 14:36:21.3911|DEBUG|MyLogger.Log|Start GET GetAllArticles
2019-07-20 14:36:21.4371|DEBUG|MyLogger.Log|End GET GetAllArticles
2019-07-20 14:36:27.8074|DEBUG|MyLogger.Log|Start GET GetAllArticles
2019-07-20 14:36:27.8284|DEBUG|MyLogger.Log|End GET GetAllArticles
2019-07-20 14:42:17.9805|DEBUG|MyLogger.Log|Start GET GetAllArticles
2019-07-20 14:42:17.9895|DEBUG|MyLogger.Log|End GET GetAllArticles
2019-07-20 14:42:46.7301|DEBUG|MyLogger.Log|Start GET GetCategories
2019-07-20 14:42:46.7551|DEBUG|MyLogger.Log|End GET GetCategories
2019-07-20 15:06:36.6059|DEBUG|MyLogger.Log|Start GET GetCategories
2019-07-20 15:06:37.0149|DEBUG|MyLogger.Log|End GET GetCategories
